[0.084s] Invoking command in '/home/fy62/Fusion/build/fusion_system_bringup': AMENT_PREFIX_PATH=/home/fy62/Fusion/install/fusion_system_perception:/home/fy62/Fusion/install/fusion_system_display:/home/fy62/Fusion/install/fusion_system_drivers:/home/fy62/Fusion/install/fusion_system_bringup:/home/fy62/Fusion/src/install/fusion_system_drivers:/home/fy62/Fusion/src/install/fusion_system_bringup:/home/fy62/Fusion/src/install/fusion_system_display:/opt/ros/humble CMAKE_PREFIX_PATH=${CMAKE_PREFIX_PATH}:/home/fy62/Fusion/install/fusion_system_perception:/home/fy62/Fusion/install/fusion_system_display:/home/fy62/Fusion/src/install/fusion_system_display:/opt/ros/humble /usr/bin/cmake --build /home/fy62/Fusion/build/fusion_system_bringup -- -j8 -l8
[0.118s] -- Found ament_cmake: 1.3.5 (/opt/ros/humble/share/ament_cmake/cmake)
[0.317s] -- Found ament_lint_auto: 0.12.8 (/opt/ros/humble/share/ament_lint_auto/cmake)
[0.407s] -- Added test 'lint_cmake' to check CMake code style
[0.408s] -- Added test 'xmllint' to check XML markup files
[0.410s] -- Configuring done
[0.414s] -- Generating done
[0.416s] -- Build files have been written to: /home/fy62/Fusion/build/fusion_system_bringup
[0.449s] Invoked command in '/home/fy62/Fusion/build/fusion_system_bringup' returned '0': AMENT_PREFIX_PATH=/home/fy62/Fusion/install/fusion_system_perception:/home/fy62/Fusion/install/fusion_system_display:/home/fy62/Fusion/install/fusion_system_drivers:/home/fy62/Fusion/install/fusion_system_bringup:/home/fy62/Fusion/src/install/fusion_system_drivers:/home/fy62/Fusion/src/install/fusion_system_bringup:/home/fy62/Fusion/src/install/fusion_system_display:/opt/ros/humble CMAKE_PREFIX_PATH=${CMAKE_PREFIX_PATH}:/home/fy62/Fusion/install/fusion_system_perception:/home/fy62/Fusion/install/fusion_system_display:/home/fy62/Fusion/src/install/fusion_system_display:/opt/ros/humble /usr/bin/cmake --build /home/fy62/Fusion/build/fusion_system_bringup -- -j8 -l8
[0.495s] Invoking command in '/home/fy62/Fusion/build/fusion_system_bringup': AMENT_PREFIX_PATH=/home/fy62/Fusion/install/fusion_system_perception:/home/fy62/Fusion/install/fusion_system_display:/home/fy62/Fusion/install/fusion_system_drivers:/home/fy62/Fusion/install/fusion_system_bringup:/home/fy62/Fusion/src/install/fusion_system_drivers:/home/fy62/Fusion/src/install/fusion_system_bringup:/home/fy62/Fusion/src/install/fusion_system_display:/opt/ros/humble CMAKE_PREFIX_PATH=${CMAKE_PREFIX_PATH}:/home/fy62/Fusion/install/fusion_system_perception:/home/fy62/Fusion/install/fusion_system_display:/home/fy62/Fusion/src/install/fusion_system_display:/opt/ros/humble /usr/bin/cmake --install /home/fy62/Fusion/build/fusion_system_bringup
[0.503s] -- Install configuration: ""
[0.503s] -- Up-to-date: /home/fy62/Fusion/install/fusion_system_bringup/share/fusion_system_bringup//launch
[0.503s] -- Installing: /home/fy62/Fusion/install/fusion_system_bringup/share/fusion_system_bringup//launch/test_launch.xml
[0.503s] -- Installing: /home/fy62/Fusion/install/fusion_system_bringup/share/ament_index/resource_index/package_run_dependencies/fusion_system_bringup
[0.503s] -- Installing: /home/fy62/Fusion/install/fusion_system_bringup/share/ament_index/resource_index/parent_prefix_path/fusion_system_bringup
[0.503s] -- Up-to-date: /home/fy62/Fusion/install/fusion_system_bringup/share/fusion_system_bringup/environment/ament_prefix_path.sh
[0.504s] -- Installing: /home/fy62/Fusion/install/fusion_system_bringup/share/fusion_system_bringup/environment/ament_prefix_path.dsv
[0.504s] -- Up-to-date: /home/fy62/Fusion/install/fusion_system_bringup/share/fusion_system_bringup/environment/path.sh
[0.504s] -- Installing: /home/fy62/Fusion/install/fusion_system_bringup/share/fusion_system_bringup/environment/path.dsv
[0.504s] -- Up-to-date: /home/fy62/Fusion/install/fusion_system_bringup/share/fusion_system_bringup/local_setup.bash
[0.504s] -- Up-to-date: /home/fy62/Fusion/install/fusion_system_bringup/share/fusion_system_bringup/local_setup.sh
[0.504s] -- Up-to-date: /home/fy62/Fusion/install/fusion_system_bringup/share/fusion_system_bringup/local_setup.zsh
[0.504s] -- Installing: /home/fy62/Fusion/install/fusion_system_bringup/share/fusion_system_bringup/local_setup.dsv
[0.504s] -- Installing: /home/fy62/Fusion/install/fusion_system_bringup/share/fusion_system_bringup/package.dsv
[0.505s] -- Up-to-date: /home/fy62/Fusion/install/fusion_system_bringup/share/ament_index/resource_index/packages/fusion_system_bringup
[0.505s] -- Up-to-date: /home/fy62/Fusion/install/fusion_system_bringup/share/fusion_system_bringup/cmake/fusion_system_bringupConfig.cmake
[0.505s] -- Up-to-date: /home/fy62/Fusion/install/fusion_system_bringup/share/fusion_system_bringup/cmake/fusion_system_bringupConfig-version.cmake
[0.505s] -- Installing: /home/fy62/Fusion/install/fusion_system_bringup/share/fusion_system_bringup/package.xml
[0.507s] Invoked command in '/home/fy62/Fusion/build/fusion_system_bringup' returned '0': AMENT_PREFIX_PATH=/home/fy62/Fusion/install/fusion_system_perception:/home/fy62/Fusion/install/fusion_system_display:/home/fy62/Fusion/install/fusion_system_drivers:/home/fy62/Fusion/install/fusion_system_bringup:/home/fy62/Fusion/src/install/fusion_system_drivers:/home/fy62/Fusion/src/install/fusion_system_bringup:/home/fy62/Fusion/src/install/fusion_system_display:/opt/ros/humble CMAKE_PREFIX_PATH=${CMAKE_PREFIX_PATH}:/home/fy62/Fusion/install/fusion_system_perception:/home/fy62/Fusion/install/fusion_system_display:/home/fy62/Fusion/src/install/fusion_system_display:/opt/ros/humble /usr/bin/cmake --install /home/fy62/Fusion/build/fusion_system_bringup
