[1.296s] DEBUG:colcon:Command line arguments: ['/usr/bin/colcon', 'build', '--packages-select', 'fusion_system_bringup', 'fusion_system_display', 'fusion_system_perception']
[1.296s] DEBUG:colcon:Parsed command line arguments: Namespace(log_base=None, log_level=None, verb_name='build', build_base='build', install_base='install', merge_install=False, symlink_install=False, test_result_base=None, continue_on_error=False, executor='parallel', parallel_workers=8, event_handlers=None, ignore_user_meta=False, metas=['./colcon.meta'], base_paths=['.'], packages_ignore=None, packages_ignore_regex=None, paths=None, packages_up_to=None, packages_up_to_regex=None, packages_above=None, packages_above_and_dependencies=None, packages_above_depth=None, packages_select_by_dep=None, packages_skip_by_dep=None, packages_skip_up_to=None, packages_select_build_failed=False, packages_skip_build_finished=False, packages_select_test_failures=False, packages_skip_test_passed=False, packages_select=['fusion_system_bringup', 'fusion_system_display', 'fusion_system_perception'], packages_skip=None, packages_select_regex=None, packages_skip_regex=None, packages_start=None, packages_end=None, allow_overriding=[], cmake_args=None, cmake_target=None, cmake_target_skip_unavailable=False, cmake_clean_cache=False, cmake_clean_first=False, cmake_force_configure=False, ament_cmake_args=None, catkin_cmake_args=None, catkin_skip_building_tests=False, verb_parser=<colcon_defaults.argument_parser.defaults.DefaultArgumentsDecorator object at 0x7f26de58aaa0>, verb_extension=<colcon_core.verb.build.BuildVerb object at 0x7f26de819720>, main=<bound method BuildVerb.main of <colcon_core.verb.build.BuildVerb object at 0x7f26de819720>>)
[1.359s] Level 1:colcon.colcon_core.package_discovery:discover_packages(colcon_meta) check parameters
[1.359s] Level 1:colcon.colcon_core.package_discovery:discover_packages(recursive) check parameters
[1.359s] Level 1:colcon.colcon_core.package_discovery:discover_packages(ignore) check parameters
[1.360s] Level 1:colcon.colcon_core.package_discovery:discover_packages(path) check parameters
[1.360s] Level 1:colcon.colcon_core.package_discovery:discover_packages(colcon_meta) discover
[1.360s] Level 1:colcon.colcon_core.package_discovery:discover_packages(recursive) discover
[1.360s] INFO:colcon.colcon_core.package_discovery:Crawling recursively for packages in '/home/fy62/Fusion'
[1.360s] Level 1:colcon.colcon_core.package_identification:_identify(.) by extensions ['ignore', 'ignore_ament_install']
[1.360s] Level 1:colcon.colcon_core.package_identification:_identify(.) by extension 'ignore'
[1.361s] Level 1:colcon.colcon_core.package_identification:_identify(.) by extension 'ignore_ament_install'
[1.361s] Level 1:colcon.colcon_core.package_identification:_identify(.) by extensions ['colcon_pkg']
[1.361s] Level 1:colcon.colcon_core.package_identification:_identify(.) by extension 'colcon_pkg'
[1.361s] Level 1:colcon.colcon_core.package_identification:_identify(.) by extensions ['colcon_meta']
[1.361s] Level 1:colcon.colcon_core.package_identification:_identify(.) by extension 'colcon_meta'
[1.361s] Level 1:colcon.colcon_core.package_identification:_identify(.) by extensions ['ros']
[1.361s] Level 1:colcon.colcon_core.package_identification:_identify(.) by extension 'ros'
[1.376s] Level 1:colcon.colcon_core.package_identification:_identify(.) by extensions ['cmake', 'python']
[1.376s] Level 1:colcon.colcon_core.package_identification:_identify(.) by extension 'cmake'
[1.376s] Level 1:colcon.colcon_core.package_identification:_identify(.) by extension 'python'
[1.376s] Level 1:colcon.colcon_core.package_identification:_identify(.) by extensions ['python_setup_py']
[1.376s] Level 1:colcon.colcon_core.package_identification:_identify(.) by extension 'python_setup_py'
[1.377s] Level 1:colcon.colcon_core.package_identification:_identify(build) by extensions ['ignore', 'ignore_ament_install']
[1.377s] Level 1:colcon.colcon_core.package_identification:_identify(build) by extension 'ignore'
[1.377s] Level 1:colcon.colcon_core.package_identification:_identify(build) ignored
[1.377s] Level 1:colcon.colcon_core.package_identification:_identify(install) by extensions ['ignore', 'ignore_ament_install']
[1.377s] Level 1:colcon.colcon_core.package_identification:_identify(install) by extension 'ignore'
[1.378s] Level 1:colcon.colcon_core.package_identification:_identify(install) ignored
[1.378s] Level 1:colcon.colcon_core.package_identification:_identify(log) by extensions ['ignore', 'ignore_ament_install']
[1.378s] Level 1:colcon.colcon_core.package_identification:_identify(log) by extension 'ignore'
[1.378s] Level 1:colcon.colcon_core.package_identification:_identify(log) ignored
[1.378s] Level 1:colcon.colcon_core.package_identification:_identify(src) by extensions ['ignore', 'ignore_ament_install']
[1.378s] Level 1:colcon.colcon_core.package_identification:_identify(src) by extension 'ignore'
[1.379s] Level 1:colcon.colcon_core.package_identification:_identify(src) by extension 'ignore_ament_install'
[1.379s] Level 1:colcon.colcon_core.package_identification:_identify(src) by extensions ['colcon_pkg']
[1.379s] Level 1:colcon.colcon_core.package_identification:_identify(src) by extension 'colcon_pkg'
[1.379s] Level 1:colcon.colcon_core.package_identification:_identify(src) by extensions ['colcon_meta']
[1.379s] Level 1:colcon.colcon_core.package_identification:_identify(src) by extension 'colcon_meta'
[1.379s] Level 1:colcon.colcon_core.package_identification:_identify(src) by extensions ['ros']
[1.379s] Level 1:colcon.colcon_core.package_identification:_identify(src) by extension 'ros'
[1.380s] Level 1:colcon.colcon_core.package_identification:_identify(src) by extensions ['cmake', 'python']
[1.380s] Level 1:colcon.colcon_core.package_identification:_identify(src) by extension 'cmake'
[1.380s] Level 1:colcon.colcon_core.package_identification:_identify(src) by extension 'python'
[1.380s] Level 1:colcon.colcon_core.package_identification:_identify(src) by extensions ['python_setup_py']
[1.380s] Level 1:colcon.colcon_core.package_identification:_identify(src) by extension 'python_setup_py'
[1.380s] Level 1:colcon.colcon_core.package_identification:_identify(src/fusion-system) by extensions ['ignore', 'ignore_ament_install']
[1.380s] Level 1:colcon.colcon_core.package_identification:_identify(src/fusion-system) by extension 'ignore'
[1.381s] Level 1:colcon.colcon_core.package_identification:_identify(src/fusion-system) by extension 'ignore_ament_install'
[1.381s] Level 1:colcon.colcon_core.package_identification:_identify(src/fusion-system) by extensions ['colcon_pkg']
[1.381s] Level 1:colcon.colcon_core.package_identification:_identify(src/fusion-system) by extension 'colcon_pkg'
[1.381s] Level 1:colcon.colcon_core.package_identification:_identify(src/fusion-system) by extensions ['colcon_meta']
[1.381s] Level 1:colcon.colcon_core.package_identification:_identify(src/fusion-system) by extension 'colcon_meta'
[1.381s] Level 1:colcon.colcon_core.package_identification:_identify(src/fusion-system) by extensions ['ros']
[1.381s] Level 1:colcon.colcon_core.package_identification:_identify(src/fusion-system) by extension 'ros'
[1.381s] Level 1:colcon.colcon_core.package_identification:_identify(src/fusion-system) by extensions ['cmake', 'python']
[1.382s] Level 1:colcon.colcon_core.package_identification:_identify(src/fusion-system) by extension 'cmake'
[1.382s] Level 1:colcon.colcon_core.package_identification:_identify(src/fusion-system) by extension 'python'
[1.382s] Level 1:colcon.colcon_core.package_identification:_identify(src/fusion-system) by extensions ['python_setup_py']
[1.382s] Level 1:colcon.colcon_core.package_identification:_identify(src/fusion-system) by extension 'python_setup_py'
[1.382s] Level 1:colcon.colcon_core.package_identification:_identify(src/fusion-system/fusion_system) by extensions ['ignore', 'ignore_ament_install']
[1.382s] Level 1:colcon.colcon_core.package_identification:_identify(src/fusion-system/fusion_system) by extension 'ignore'
[1.382s] Level 1:colcon.colcon_core.package_identification:_identify(src/fusion-system/fusion_system) by extension 'ignore_ament_install'
[1.383s] Level 1:colcon.colcon_core.package_identification:_identify(src/fusion-system/fusion_system) by extensions ['colcon_pkg']
[1.383s] Level 1:colcon.colcon_core.package_identification:_identify(src/fusion-system/fusion_system) by extension 'colcon_pkg'
[1.383s] Level 1:colcon.colcon_core.package_identification:_identify(src/fusion-system/fusion_system) by extensions ['colcon_meta']
[1.383s] Level 1:colcon.colcon_core.package_identification:_identify(src/fusion-system/fusion_system) by extension 'colcon_meta'
[1.383s] Level 1:colcon.colcon_core.package_identification:_identify(src/fusion-system/fusion_system) by extensions ['ros']
[1.383s] Level 1:colcon.colcon_core.package_identification:_identify(src/fusion-system/fusion_system) by extension 'ros'
[1.386s] DEBUG:colcon.colcon_core.package_identification:Package 'src/fusion-system/fusion_system' with type 'ros.ament_cmake' and name 'fusion_system'
[1.386s] Level 1:colcon.colcon_core.package_identification:_identify(src/fusion-system/fusion_system_bringup) by extensions ['ignore', 'ignore_ament_install']
[1.386s] Level 1:colcon.colcon_core.package_identification:_identify(src/fusion-system/fusion_system_bringup) by extension 'ignore'
[1.387s] Level 1:colcon.colcon_core.package_identification:_identify(src/fusion-system/fusion_system_bringup) by extension 'ignore_ament_install'
[1.387s] Level 1:colcon.colcon_core.package_identification:_identify(src/fusion-system/fusion_system_bringup) by extensions ['colcon_pkg']
[1.387s] Level 1:colcon.colcon_core.package_identification:_identify(src/fusion-system/fusion_system_bringup) by extension 'colcon_pkg'
[1.387s] Level 1:colcon.colcon_core.package_identification:_identify(src/fusion-system/fusion_system_bringup) by extensions ['colcon_meta']
[1.387s] Level 1:colcon.colcon_core.package_identification:_identify(src/fusion-system/fusion_system_bringup) by extension 'colcon_meta'
[1.387s] Level 1:colcon.colcon_core.package_identification:_identify(src/fusion-system/fusion_system_bringup) by extensions ['ros']
[1.387s] Level 1:colcon.colcon_core.package_identification:_identify(src/fusion-system/fusion_system_bringup) by extension 'ros'
[1.388s] DEBUG:colcon.colcon_core.package_identification:Package 'src/fusion-system/fusion_system_bringup' with type 'ros.ament_cmake' and name 'fusion_system_bringup'
[1.388s] Level 1:colcon.colcon_core.package_identification:_identify(src/fusion-system/fusion_system_display) by extensions ['ignore', 'ignore_ament_install']
[1.388s] Level 1:colcon.colcon_core.package_identification:_identify(src/fusion-system/fusion_system_display) by extension 'ignore'
[1.389s] Level 1:colcon.colcon_core.package_identification:_identify(src/fusion-system/fusion_system_display) by extension 'ignore_ament_install'
[1.389s] Level 1:colcon.colcon_core.package_identification:_identify(src/fusion-system/fusion_system_display) by extensions ['colcon_pkg']
[1.389s] Level 1:colcon.colcon_core.package_identification:_identify(src/fusion-system/fusion_system_display) by extension 'colcon_pkg'
[1.389s] Level 1:colcon.colcon_core.package_identification:_identify(src/fusion-system/fusion_system_display) by extensions ['colcon_meta']
[1.389s] Level 1:colcon.colcon_core.package_identification:_identify(src/fusion-system/fusion_system_display) by extension 'colcon_meta'
[1.389s] Level 1:colcon.colcon_core.package_identification:_identify(src/fusion-system/fusion_system_display) by extensions ['ros']
[1.389s] Level 1:colcon.colcon_core.package_identification:_identify(src/fusion-system/fusion_system_display) by extension 'ros'
[1.390s] DEBUG:colcon.colcon_core.package_identification:Package 'src/fusion-system/fusion_system_display' with type 'ros.ament_python' and name 'fusion_system_display'
[1.390s] Level 1:colcon.colcon_core.package_identification:_identify(src/fusion-system/fusion_system_drivers) by extensions ['ignore', 'ignore_ament_install']
[1.390s] Level 1:colcon.colcon_core.package_identification:_identify(src/fusion-system/fusion_system_drivers) by extension 'ignore'
[1.391s] Level 1:colcon.colcon_core.package_identification:_identify(src/fusion-system/fusion_system_drivers) by extension 'ignore_ament_install'
[1.391s] Level 1:colcon.colcon_core.package_identification:_identify(src/fusion-system/fusion_system_drivers) by extensions ['colcon_pkg']
[1.391s] Level 1:colcon.colcon_core.package_identification:_identify(src/fusion-system/fusion_system_drivers) by extension 'colcon_pkg'
[1.391s] Level 1:colcon.colcon_core.package_identification:_identify(src/fusion-system/fusion_system_drivers) by extensions ['colcon_meta']
[1.391s] Level 1:colcon.colcon_core.package_identification:_identify(src/fusion-system/fusion_system_drivers) by extension 'colcon_meta'
[1.391s] Level 1:colcon.colcon_core.package_identification:_identify(src/fusion-system/fusion_system_drivers) by extensions ['ros']
[1.391s] Level 1:colcon.colcon_core.package_identification:_identify(src/fusion-system/fusion_system_drivers) by extension 'ros'
[1.392s] DEBUG:colcon.colcon_core.package_identification:Package 'src/fusion-system/fusion_system_drivers' with type 'ros.ament_cmake' and name 'fusion_system_drivers'
[1.392s] Level 1:colcon.colcon_core.package_identification:_identify(src/fusion-system/fusion_system_msgs) by extensions ['ignore', 'ignore_ament_install']
[1.392s] Level 1:colcon.colcon_core.package_identification:_identify(src/fusion-system/fusion_system_msgs) by extension 'ignore'
[1.392s] Level 1:colcon.colcon_core.package_identification:_identify(src/fusion-system/fusion_system_msgs) by extension 'ignore_ament_install'
[1.393s] Level 1:colcon.colcon_core.package_identification:_identify(src/fusion-system/fusion_system_msgs) by extensions ['colcon_pkg']
[1.393s] Level 1:colcon.colcon_core.package_identification:_identify(src/fusion-system/fusion_system_msgs) by extension 'colcon_pkg'
[1.393s] Level 1:colcon.colcon_core.package_identification:_identify(src/fusion-system/fusion_system_msgs) by extensions ['colcon_meta']
[1.393s] Level 1:colcon.colcon_core.package_identification:_identify(src/fusion-system/fusion_system_msgs) by extension 'colcon_meta'
[1.393s] Level 1:colcon.colcon_core.package_identification:_identify(src/fusion-system/fusion_system_msgs) by extensions ['ros']
[1.393s] Level 1:colcon.colcon_core.package_identification:_identify(src/fusion-system/fusion_system_msgs) by extension 'ros'
[1.394s] DEBUG:colcon.colcon_core.package_identification:Package 'src/fusion-system/fusion_system_msgs' with type 'ros.ament_cmake' and name 'fusion_system_msgs'
[1.394s] Level 1:colcon.colcon_core.package_identification:_identify(src/fusion-system/fusion_system_perception) by extensions ['ignore', 'ignore_ament_install']
[1.394s] Level 1:colcon.colcon_core.package_identification:_identify(src/fusion-system/fusion_system_perception) by extension 'ignore'
[1.394s] Level 1:colcon.colcon_core.package_identification:_identify(src/fusion-system/fusion_system_perception) by extension 'ignore_ament_install'
[1.394s] Level 1:colcon.colcon_core.package_identification:_identify(src/fusion-system/fusion_system_perception) by extensions ['colcon_pkg']
[1.395s] Level 1:colcon.colcon_core.package_identification:_identify(src/fusion-system/fusion_system_perception) by extension 'colcon_pkg'
[1.395s] Level 1:colcon.colcon_core.package_identification:_identify(src/fusion-system/fusion_system_perception) by extensions ['colcon_meta']
[1.395s] Level 1:colcon.colcon_core.package_identification:_identify(src/fusion-system/fusion_system_perception) by extension 'colcon_meta'
[1.395s] Level 1:colcon.colcon_core.package_identification:_identify(src/fusion-system/fusion_system_perception) by extensions ['ros']
[1.395s] Level 1:colcon.colcon_core.package_identification:_identify(src/fusion-system/fusion_system_perception) by extension 'ros'
[1.396s] DEBUG:colcon.colcon_core.package_identification:Package 'src/fusion-system/fusion_system_perception' with type 'ros.ament_python' and name 'fusion_system_perception'
[1.396s] Level 1:colcon.colcon_core.package_identification:_identify(src/fusion-system/fusion_system_tracking) by extensions ['ignore', 'ignore_ament_install']
[1.396s] Level 1:colcon.colcon_core.package_identification:_identify(src/fusion-system/fusion_system_tracking) by extension 'ignore'
[1.396s] Level 1:colcon.colcon_core.package_identification:_identify(src/fusion-system/fusion_system_tracking) by extension 'ignore_ament_install'
[1.396s] Level 1:colcon.colcon_core.package_identification:_identify(src/fusion-system/fusion_system_tracking) by extensions ['colcon_pkg']
[1.396s] Level 1:colcon.colcon_core.package_identification:_identify(src/fusion-system/fusion_system_tracking) by extension 'colcon_pkg'
[1.397s] Level 1:colcon.colcon_core.package_identification:_identify(src/fusion-system/fusion_system_tracking) by extensions ['colcon_meta']
[1.397s] Level 1:colcon.colcon_core.package_identification:_identify(src/fusion-system/fusion_system_tracking) by extension 'colcon_meta'
[1.397s] Level 1:colcon.colcon_core.package_identification:_identify(src/fusion-system/fusion_system_tracking) by extensions ['ros']
[1.397s] Level 1:colcon.colcon_core.package_identification:_identify(src/fusion-system/fusion_system_tracking) by extension 'ros'
[1.398s] DEBUG:colcon.colcon_core.package_identification:Package 'src/fusion-system/fusion_system_tracking' with type 'ros.ament_python' and name 'fusion_system_tracking'
[1.398s] Level 1:colcon.colcon_core.package_discovery:discover_packages(recursive) using defaults
[1.398s] Level 1:colcon.colcon_core.package_discovery:discover_packages(ignore) discover
[1.398s] Level 1:colcon.colcon_core.package_discovery:discover_packages(ignore) using defaults
[1.398s] Level 1:colcon.colcon_core.package_discovery:discover_packages(path) discover
[1.398s] Level 1:colcon.colcon_core.package_discovery:discover_packages(path) using defaults
[1.478s] INFO:colcon.colcon_core.package_selection:Skipping not selected package 'fusion_system' in 'src/fusion-system/fusion_system'
[1.478s] INFO:colcon.colcon_core.package_selection:Skipping not selected package 'fusion_system_drivers' in 'src/fusion-system/fusion_system_drivers'
[1.478s] INFO:colcon.colcon_core.package_selection:Skipping not selected package 'fusion_system_msgs' in 'src/fusion-system/fusion_system_msgs'
[1.478s] INFO:colcon.colcon_core.package_selection:Skipping not selected package 'fusion_system_tracking' in 'src/fusion-system/fusion_system_tracking'
[1.513s] Level 1:colcon.colcon_core.package_discovery:discover_packages(prefix_path) check parameters
[1.514s] Level 1:colcon.colcon_core.package_discovery:discover_packages(prefix_path) discover
[1.533s] WARNING:colcon.colcon_core.prefix_path.colcon:The path '/home/fy62/Fusion/src/install' in the environment variable COLCON_PREFIX_PATH doesn't exist
[1.533s] WARNING:colcon.colcon_ros.prefix_path.ament:The path '/home/fy62/Fusion/install/fusion_system_perception' in the environment variable AMENT_PREFIX_PATH doesn't exist
[1.533s] WARNING:colcon.colcon_ros.prefix_path.ament:The path '/home/fy62/Fusion/install/fusion_system_drivers' in the environment variable AMENT_PREFIX_PATH doesn't exist
[1.534s] WARNING:colcon.colcon_ros.prefix_path.ament:The path '/home/fy62/Fusion/src/install/fusion_system_drivers' in the environment variable AMENT_PREFIX_PATH doesn't exist
[1.534s] WARNING:colcon.colcon_ros.prefix_path.ament:The path '/home/fy62/Fusion/src/install/fusion_system_bringup' in the environment variable AMENT_PREFIX_PATH doesn't exist
[1.534s] WARNING:colcon.colcon_ros.prefix_path.ament:The path '/home/fy62/Fusion/src/install/fusion_system_display' in the environment variable AMENT_PREFIX_PATH doesn't exist
[1.534s] WARNING:colcon.colcon_ros.prefix_path.catkin:The path '/home/fy62/Fusion/install/fusion_system_drivers' in the environment variable CMAKE_PREFIX_PATH doesn't exist
[1.534s] WARNING:colcon.colcon_ros.prefix_path.catkin:The path '/home/fy62/Fusion/src/install/fusion_system_drivers' in the environment variable CMAKE_PREFIX_PATH doesn't exist
[1.534s] WARNING:colcon.colcon_ros.prefix_path.catkin:The path '/home/fy62/Fusion/src/install/fusion_system_bringup' in the environment variable CMAKE_PREFIX_PATH doesn't exist
[1.553s] DEBUG:colcon.colcon_installed_package_information.package_discovery:Found 2 installed packages in /home/fy62/Fusion/install
[1.573s] DEBUG:colcon.colcon_installed_package_information.package_discovery:Found 284 installed packages in /opt/ros/humble
[1.575s] Level 1:colcon.colcon_core.package_discovery:discover_packages(prefix_path) using defaults
[1.686s] Level 5:colcon.colcon_core.verb:set package 'fusion_system_display' build argument 'cmake_args' from command line to 'None'
[1.686s] Level 5:colcon.colcon_core.verb:set package 'fusion_system_display' build argument 'cmake_target' from command line to 'None'
[1.686s] Level 5:colcon.colcon_core.verb:set package 'fusion_system_display' build argument 'cmake_target_skip_unavailable' from command line to 'False'
[1.686s] Level 5:colcon.colcon_core.verb:set package 'fusion_system_display' build argument 'cmake_clean_cache' from command line to 'False'
[1.687s] Level 5:colcon.colcon_core.verb:set package 'fusion_system_display' build argument 'cmake_clean_first' from command line to 'False'
[1.687s] Level 5:colcon.colcon_core.verb:set package 'fusion_system_display' build argument 'cmake_force_configure' from command line to 'False'
[1.687s] Level 5:colcon.colcon_core.verb:set package 'fusion_system_display' build argument 'ament_cmake_args' from command line to 'None'
[1.687s] Level 5:colcon.colcon_core.verb:set package 'fusion_system_display' build argument 'catkin_cmake_args' from command line to 'None'
[1.687s] Level 5:colcon.colcon_core.verb:set package 'fusion_system_display' build argument 'catkin_skip_building_tests' from command line to 'False'
[1.687s] DEBUG:colcon.colcon_core.verb:Building package 'fusion_system_display' with the following arguments: {'ament_cmake_args': None, 'build_base': '/home/fy62/Fusion/build/fusion_system_display', 'catkin_cmake_args': None, 'catkin_skip_building_tests': False, 'cmake_args': None, 'cmake_clean_cache': False, 'cmake_clean_first': False, 'cmake_force_configure': False, 'cmake_target': None, 'cmake_target_skip_unavailable': False, 'install_base': '/home/fy62/Fusion/install/fusion_system_display', 'merge_install': False, 'path': '/home/fy62/Fusion/src/fusion-system/fusion_system_display', 'symlink_install': False, 'test_result_base': None}
[1.705s] Level 5:colcon.colcon_core.verb:set package 'fusion_system_perception' build argument 'cmake_args' from command line to 'None'
[1.706s] Level 5:colcon.colcon_core.verb:set package 'fusion_system_perception' build argument 'cmake_target' from command line to 'None'
[1.706s] Level 5:colcon.colcon_core.verb:set package 'fusion_system_perception' build argument 'cmake_target_skip_unavailable' from command line to 'False'
[1.706s] Level 5:colcon.colcon_core.verb:set package 'fusion_system_perception' build argument 'cmake_clean_cache' from command line to 'False'
[1.706s] Level 5:colcon.colcon_core.verb:set package 'fusion_system_perception' build argument 'cmake_clean_first' from command line to 'False'
[1.706s] Level 5:colcon.colcon_core.verb:set package 'fusion_system_perception' build argument 'cmake_force_configure' from command line to 'False'
[1.706s] Level 5:colcon.colcon_core.verb:set package 'fusion_system_perception' build argument 'ament_cmake_args' from command line to 'None'
[1.706s] Level 5:colcon.colcon_core.verb:set package 'fusion_system_perception' build argument 'catkin_cmake_args' from command line to 'None'
[1.706s] Level 5:colcon.colcon_core.verb:set package 'fusion_system_perception' build argument 'catkin_skip_building_tests' from command line to 'False'
[1.707s] DEBUG:colcon.colcon_core.verb:Building package 'fusion_system_perception' with the following arguments: {'ament_cmake_args': None, 'build_base': '/home/fy62/Fusion/build/fusion_system_perception', 'catkin_cmake_args': None, 'catkin_skip_building_tests': False, 'cmake_args': None, 'cmake_clean_cache': False, 'cmake_clean_first': False, 'cmake_force_configure': False, 'cmake_target': None, 'cmake_target_skip_unavailable': False, 'install_base': '/home/fy62/Fusion/install/fusion_system_perception', 'merge_install': False, 'path': '/home/fy62/Fusion/src/fusion-system/fusion_system_perception', 'symlink_install': False, 'test_result_base': None}
[1.724s] Level 5:colcon.colcon_core.verb:set package 'fusion_system_bringup' build argument 'cmake_args' from command line to 'None'
[1.725s] Level 5:colcon.colcon_core.verb:set package 'fusion_system_bringup' build argument 'cmake_target' from command line to 'None'
[1.725s] Level 5:colcon.colcon_core.verb:set package 'fusion_system_bringup' build argument 'cmake_target_skip_unavailable' from command line to 'False'
[1.725s] Level 5:colcon.colcon_core.verb:set package 'fusion_system_bringup' build argument 'cmake_clean_cache' from command line to 'False'
[1.725s] Level 5:colcon.colcon_core.verb:set package 'fusion_system_bringup' build argument 'cmake_clean_first' from command line to 'False'
[1.725s] Level 5:colcon.colcon_core.verb:set package 'fusion_system_bringup' build argument 'cmake_force_configure' from command line to 'False'
[1.725s] Level 5:colcon.colcon_core.verb:set package 'fusion_system_bringup' build argument 'ament_cmake_args' from command line to 'None'
[1.725s] Level 5:colcon.colcon_core.verb:set package 'fusion_system_bringup' build argument 'catkin_cmake_args' from command line to 'None'
[1.725s] Level 5:colcon.colcon_core.verb:set package 'fusion_system_bringup' build argument 'catkin_skip_building_tests' from command line to 'False'
[1.725s] DEBUG:colcon.colcon_core.verb:Building package 'fusion_system_bringup' with the following arguments: {'ament_cmake_args': None, 'build_base': '/home/fy62/Fusion/build/fusion_system_bringup', 'catkin_cmake_args': None, 'catkin_skip_building_tests': False, 'cmake_args': None, 'cmake_clean_cache': False, 'cmake_clean_first': False, 'cmake_force_configure': False, 'cmake_target': None, 'cmake_target_skip_unavailable': False, 'install_base': '/home/fy62/Fusion/install/fusion_system_bringup', 'merge_install': False, 'path': '/home/fy62/Fusion/src/fusion-system/fusion_system_bringup', 'symlink_install': False, 'test_result_base': None}
[1.744s] INFO:colcon.colcon_core.executor:Executing jobs using 'parallel' executor
[1.763s] DEBUG:colcon.colcon_parallel_executor.executor.parallel:run_until_complete
[1.764s] INFO:colcon.colcon_ros.task.ament_python.build:Building ROS package in '/home/fy62/Fusion/src/fusion-system/fusion_system_display' with build type 'ament_python'
[1.764s] Level 1:colcon.colcon_core.shell:create_environment_hook('fusion_system_display', 'ament_prefix_path')
[1.788s] INFO:colcon.colcon_core.plugin_system:Skipping extension 'colcon_core.shell.bat': Not used on non-Windows systems
[1.788s] INFO:colcon.colcon_core.shell:Creating environment hook '/home/fy62/Fusion/install/fusion_system_display/share/fusion_system_display/hook/ament_prefix_path.ps1'
[1.789s] INFO:colcon.colcon_core.shell:Creating environment descriptor '/home/fy62/Fusion/install/fusion_system_display/share/fusion_system_display/hook/ament_prefix_path.dsv'
[1.790s] INFO:colcon.colcon_core.shell:Creating environment hook '/home/fy62/Fusion/install/fusion_system_display/share/fusion_system_display/hook/ament_prefix_path.sh'
[1.810s] INFO:colcon.colcon_core.shell:Skip shell extension 'powershell' for command environment: Not usable outside of PowerShell
[1.810s] DEBUG:colcon.colcon_core.shell:Skip shell extension 'dsv' for command environment
[1.873s] INFO:colcon.colcon_ros.task.ament_python.build:Building ROS package in '/home/fy62/Fusion/src/fusion-system/fusion_system_perception' with build type 'ament_python'
[1.873s] Level 1:colcon.colcon_core.shell:create_environment_hook('fusion_system_perception', 'ament_prefix_path')
[1.893s] INFO:colcon.colcon_core.shell:Creating environment hook '/home/fy62/Fusion/install/fusion_system_perception/share/fusion_system_perception/hook/ament_prefix_path.ps1'
[1.894s] INFO:colcon.colcon_core.shell:Creating environment descriptor '/home/fy62/Fusion/install/fusion_system_perception/share/fusion_system_perception/hook/ament_prefix_path.dsv'
[1.894s] INFO:colcon.colcon_core.shell:Creating environment hook '/home/fy62/Fusion/install/fusion_system_perception/share/fusion_system_perception/hook/ament_prefix_path.sh'
[1.914s] INFO:colcon.colcon_core.shell:Skip shell extension 'powershell' for command environment: Not usable outside of PowerShell
[1.914s] DEBUG:colcon.colcon_core.shell:Skip shell extension 'dsv' for command environment
[2.306s] INFO:colcon.colcon_core.task.python.build:Building Python package in '/home/fy62/Fusion/src/fusion-system/fusion_system_display'
[2.325s] INFO:colcon.colcon_core.shell:Skip shell extension 'powershell' for command environment: Not usable outside of PowerShell
[2.325s] DEBUG:colcon.colcon_core.shell:Skip shell extension 'dsv' for command environment
[2.738s] INFO:colcon.colcon_core.task.python.build:Building Python package in '/home/fy62/Fusion/src/fusion-system/fusion_system_perception'
[2.757s] INFO:colcon.colcon_core.shell:Skip shell extension 'powershell' for command environment: Not usable outside of PowerShell
[2.757s] DEBUG:colcon.colcon_core.shell:Skip shell extension 'dsv' for command environment
[3.286s] DEBUG:colcon.colcon_core.event_handler.log_command:Invoking command in '/home/fy62/Fusion/src/fusion-system/fusion_system_perception': PYTHONPATH=/home/fy62/Fusion/build/fusion_system_perception/prefix_override:/home/fy62/Fusion/install/fusion_system_perception/lib/python3.10/site-packages:${PYTHONPATH} /usr/bin/python3 setup.py egg_info --egg-base ../../../build/fusion_system_perception build --build-base /home/fy62/Fusion/build/fusion_system_perception/build install --record /home/fy62/Fusion/build/fusion_system_perception/install.log --single-version-externally-managed
[3.306s] DEBUG:colcon.colcon_core.event_handler.log_command:Invoking command in '/home/fy62/Fusion/src/fusion-system/fusion_system_display': PYTHONPATH=/home/fy62/Fusion/build/fusion_system_display/prefix_override:/home/fy62/Fusion/install/fusion_system_display/lib/python3.10/site-packages:${PYTHONPATH} /usr/bin/python3 setup.py egg_info --egg-base ../../../build/fusion_system_display build --build-base /home/fy62/Fusion/build/fusion_system_display/build install --record /home/fy62/Fusion/build/fusion_system_display/install.log --single-version-externally-managed
[3.644s] DEBUG:colcon.colcon_core.event_handler.log_command:Invoked command in '/home/fy62/Fusion/src/fusion-system/fusion_system_perception' returned '0': PYTHONPATH=/home/fy62/Fusion/build/fusion_system_perception/prefix_override:/home/fy62/Fusion/install/fusion_system_perception/lib/python3.10/site-packages:${PYTHONPATH} /usr/bin/python3 setup.py egg_info --egg-base ../../../build/fusion_system_perception build --build-base /home/fy62/Fusion/build/fusion_system_perception/build install --record /home/fy62/Fusion/build/fusion_system_perception/install.log --single-version-externally-managed
[3.668s] Level 1:colcon.colcon_core.environment:checking '/home/fy62/Fusion/install/fusion_system_perception' for CMake module files
[3.668s] Level 1:colcon.colcon_core.environment:checking '/home/fy62/Fusion/install/fusion_system_perception' for CMake config files
[3.669s] Level 1:colcon.colcon_core.environment:checking '/home/fy62/Fusion/install/fusion_system_perception/lib'
[3.669s] Level 1:colcon.colcon_core.environment:checking '/home/fy62/Fusion/install/fusion_system_perception/bin'
[3.670s] Level 1:colcon.colcon_core.environment:checking '/home/fy62/Fusion/install/fusion_system_perception/lib/pkgconfig/fusion_system_perception.pc'
[3.670s] Level 1:colcon.colcon_core.environment:checking '/home/fy62/Fusion/install/fusion_system_perception/lib/python3.10/site-packages'
[3.670s] Level 1:colcon.colcon_core.shell:create_environment_hook('fusion_system_perception', 'pythonpath')
[3.688s] INFO:colcon.colcon_core.shell:Creating environment hook '/home/fy62/Fusion/install/fusion_system_perception/share/fusion_system_perception/hook/pythonpath.ps1'
[3.688s] INFO:colcon.colcon_core.shell:Creating environment descriptor '/home/fy62/Fusion/install/fusion_system_perception/share/fusion_system_perception/hook/pythonpath.dsv'
[3.689s] INFO:colcon.colcon_core.shell:Creating environment hook '/home/fy62/Fusion/install/fusion_system_perception/share/fusion_system_perception/hook/pythonpath.sh'
[3.690s] Level 1:colcon.colcon_core.environment:checking '/home/fy62/Fusion/install/fusion_system_perception/bin'
[3.690s] Level 1:colcon.colcon_core.environment:create_environment_scripts_only(fusion_system_perception)
[3.710s] INFO:colcon.colcon_core.shell:Creating package script '/home/fy62/Fusion/install/fusion_system_perception/share/fusion_system_perception/package.ps1'
[3.711s] INFO:colcon.colcon_core.shell:Creating package descriptor '/home/fy62/Fusion/install/fusion_system_perception/share/fusion_system_perception/package.dsv'
[3.711s] INFO:colcon.colcon_core.shell:Creating package script '/home/fy62/Fusion/install/fusion_system_perception/share/fusion_system_perception/package.sh'
[3.712s] INFO:colcon.colcon_core.shell:Creating package script '/home/fy62/Fusion/install/fusion_system_perception/share/fusion_system_perception/package.bash'
[3.713s] INFO:colcon.colcon_core.shell:Creating package script '/home/fy62/Fusion/install/fusion_system_perception/share/fusion_system_perception/package.zsh'
[3.714s] Level 1:colcon.colcon_core.environment:create_file_with_runtime_dependencies(/home/fy62/Fusion/install/fusion_system_perception/share/colcon-core/packages/fusion_system_perception)
[3.717s] DEBUG:colcon.colcon_core.event_handler.log_command:Invoked command in '/home/fy62/Fusion/src/fusion-system/fusion_system_display' returned '0': PYTHONPATH=/home/fy62/Fusion/build/fusion_system_display/prefix_override:/home/fy62/Fusion/install/fusion_system_display/lib/python3.10/site-packages:${PYTHONPATH} /usr/bin/python3 setup.py egg_info --egg-base ../../../build/fusion_system_display build --build-base /home/fy62/Fusion/build/fusion_system_display/build install --record /home/fy62/Fusion/build/fusion_system_display/install.log --single-version-externally-managed
[3.740s] Level 1:colcon.colcon_core.environment:checking '/home/fy62/Fusion/install/fusion_system_display' for CMake module files
[3.741s] Level 1:colcon.colcon_core.environment:checking '/home/fy62/Fusion/install/fusion_system_display' for CMake config files
[3.741s] Level 1:colcon.colcon_core.environment:checking '/home/fy62/Fusion/install/fusion_system_display/lib'
[3.741s] Level 1:colcon.colcon_core.environment:checking '/home/fy62/Fusion/install/fusion_system_display/bin'
[3.741s] Level 1:colcon.colcon_core.environment:checking '/home/fy62/Fusion/install/fusion_system_display/lib/pkgconfig/fusion_system_display.pc'
[3.742s] Level 1:colcon.colcon_core.environment:checking '/home/fy62/Fusion/install/fusion_system_display/lib/python3.10/site-packages'
[3.742s] Level 1:colcon.colcon_core.shell:create_environment_hook('fusion_system_display', 'pythonpath')
[3.767s] INFO:colcon.colcon_core.shell:Creating environment hook '/home/fy62/Fusion/install/fusion_system_display/share/fusion_system_display/hook/pythonpath.ps1'
[3.767s] INFO:colcon.colcon_core.shell:Creating environment descriptor '/home/fy62/Fusion/install/fusion_system_display/share/fusion_system_display/hook/pythonpath.dsv'
[3.768s] INFO:colcon.colcon_core.shell:Creating environment hook '/home/fy62/Fusion/install/fusion_system_display/share/fusion_system_display/hook/pythonpath.sh'
[3.769s] Level 1:colcon.colcon_core.environment:checking '/home/fy62/Fusion/install/fusion_system_display/bin'
[3.769s] Level 1:colcon.colcon_core.environment:create_environment_scripts_only(fusion_system_display)
[3.793s] INFO:colcon.colcon_core.shell:Creating package script '/home/fy62/Fusion/install/fusion_system_display/share/fusion_system_display/package.ps1'
[3.794s] INFO:colcon.colcon_core.shell:Creating package descriptor '/home/fy62/Fusion/install/fusion_system_display/share/fusion_system_display/package.dsv'
[3.794s] INFO:colcon.colcon_core.shell:Creating package script '/home/fy62/Fusion/install/fusion_system_display/share/fusion_system_display/package.sh'
[3.795s] INFO:colcon.colcon_core.shell:Creating package script '/home/fy62/Fusion/install/fusion_system_display/share/fusion_system_display/package.bash'
[3.795s] INFO:colcon.colcon_core.shell:Creating package script '/home/fy62/Fusion/install/fusion_system_display/share/fusion_system_display/package.zsh'
[3.796s] Level 1:colcon.colcon_core.environment:create_file_with_runtime_dependencies(/home/fy62/Fusion/install/fusion_system_display/share/colcon-core/packages/fusion_system_display)
[3.796s] INFO:colcon.colcon_ros.task.ament_cmake.build:Building ROS package in '/home/fy62/Fusion/src/fusion-system/fusion_system_bringup' with build type 'ament_cmake'
[3.796s] INFO:colcon.colcon_cmake.task.cmake.build:Building CMake package in '/home/fy62/Fusion/src/fusion-system/fusion_system_bringup'
[3.816s] INFO:colcon.colcon_core.shell:Skip shell extension 'powershell' for command environment: Not usable outside of PowerShell
[3.816s] DEBUG:colcon.colcon_core.shell:Skip shell extension 'dsv' for command environment
[3.882s] DEBUG:colcon.colcon_core.event_handler.log_command:Invoking command in '/home/fy62/Fusion/build/fusion_system_bringup': AMENT_PREFIX_PATH=/home/fy62/Fusion/install/fusion_system_perception:/home/fy62/Fusion/install/fusion_system_display:/home/fy62/Fusion/install/fusion_system_drivers:/home/fy62/Fusion/install/fusion_system_bringup:/home/fy62/Fusion/src/install/fusion_system_drivers:/home/fy62/Fusion/src/install/fusion_system_bringup:/home/fy62/Fusion/src/install/fusion_system_display:/opt/ros/humble CMAKE_PREFIX_PATH=${CMAKE_PREFIX_PATH}:/home/fy62/Fusion/install/fusion_system_perception:/home/fy62/Fusion/install/fusion_system_display:/home/fy62/Fusion/src/install/fusion_system_display:/opt/ros/humble /usr/bin/cmake --build /home/fy62/Fusion/build/fusion_system_bringup -- -j8 -l8
[4.247s] DEBUG:colcon.colcon_core.event_handler.log_command:Invoked command in '/home/fy62/Fusion/build/fusion_system_bringup' returned '0': AMENT_PREFIX_PATH=/home/fy62/Fusion/install/fusion_system_perception:/home/fy62/Fusion/install/fusion_system_display:/home/fy62/Fusion/install/fusion_system_drivers:/home/fy62/Fusion/install/fusion_system_bringup:/home/fy62/Fusion/src/install/fusion_system_drivers:/home/fy62/Fusion/src/install/fusion_system_bringup:/home/fy62/Fusion/src/install/fusion_system_display:/opt/ros/humble CMAKE_PREFIX_PATH=${CMAKE_PREFIX_PATH}:/home/fy62/Fusion/install/fusion_system_perception:/home/fy62/Fusion/install/fusion_system_display:/home/fy62/Fusion/src/install/fusion_system_display:/opt/ros/humble /usr/bin/cmake --build /home/fy62/Fusion/build/fusion_system_bringup -- -j8 -l8
[4.293s] DEBUG:colcon.colcon_core.event_handler.log_command:Invoking command in '/home/fy62/Fusion/build/fusion_system_bringup': AMENT_PREFIX_PATH=/home/fy62/Fusion/install/fusion_system_perception:/home/fy62/Fusion/install/fusion_system_display:/home/fy62/Fusion/install/fusion_system_drivers:/home/fy62/Fusion/install/fusion_system_bringup:/home/fy62/Fusion/src/install/fusion_system_drivers:/home/fy62/Fusion/src/install/fusion_system_bringup:/home/fy62/Fusion/src/install/fusion_system_display:/opt/ros/humble CMAKE_PREFIX_PATH=${CMAKE_PREFIX_PATH}:/home/fy62/Fusion/install/fusion_system_perception:/home/fy62/Fusion/install/fusion_system_display:/home/fy62/Fusion/src/install/fusion_system_display:/opt/ros/humble /usr/bin/cmake --install /home/fy62/Fusion/build/fusion_system_bringup
[4.305s] Level 1:colcon.colcon_core.environment:create_environment_scripts_only(fusion_system_bringup)
[4.306s] DEBUG:colcon.colcon_core.event_handler.log_command:Invoked command in '/home/fy62/Fusion/build/fusion_system_bringup' returned '0': AMENT_PREFIX_PATH=/home/fy62/Fusion/install/fusion_system_perception:/home/fy62/Fusion/install/fusion_system_display:/home/fy62/Fusion/install/fusion_system_drivers:/home/fy62/Fusion/install/fusion_system_bringup:/home/fy62/Fusion/src/install/fusion_system_drivers:/home/fy62/Fusion/src/install/fusion_system_bringup:/home/fy62/Fusion/src/install/fusion_system_display:/opt/ros/humble CMAKE_PREFIX_PATH=${CMAKE_PREFIX_PATH}:/home/fy62/Fusion/install/fusion_system_perception:/home/fy62/Fusion/install/fusion_system_display:/home/fy62/Fusion/src/install/fusion_system_display:/opt/ros/humble /usr/bin/cmake --install /home/fy62/Fusion/build/fusion_system_bringup
[4.326s] Level 1:colcon.colcon_core.environment:checking '/home/fy62/Fusion/install/fusion_system_bringup' for CMake module files
[4.326s] Level 1:colcon.colcon_core.environment:checking '/home/fy62/Fusion/install/fusion_system_bringup' for CMake config files
[4.327s] Level 1:colcon.colcon_core.shell:create_environment_hook('fusion_system_bringup', 'cmake_prefix_path')
[4.345s] INFO:colcon.colcon_core.shell:Creating environment hook '/home/fy62/Fusion/install/fusion_system_bringup/share/fusion_system_bringup/hook/cmake_prefix_path.ps1'
[4.346s] INFO:colcon.colcon_core.shell:Creating environment descriptor '/home/fy62/Fusion/install/fusion_system_bringup/share/fusion_system_bringup/hook/cmake_prefix_path.dsv'
[4.346s] INFO:colcon.colcon_core.shell:Creating environment hook '/home/fy62/Fusion/install/fusion_system_bringup/share/fusion_system_bringup/hook/cmake_prefix_path.sh'
[4.347s] Level 1:colcon.colcon_core.environment:checking '/home/fy62/Fusion/install/fusion_system_bringup/bin'
[4.347s] Level 1:colcon.colcon_core.environment:checking '/home/fy62/Fusion/install/fusion_system_bringup/lib/pkgconfig/fusion_system_bringup.pc'
[4.347s] Level 1:colcon.colcon_core.environment:checking '/home/fy62/Fusion/install/fusion_system_bringup/lib/python3.10/site-packages'
[4.348s] Level 1:colcon.colcon_core.environment:checking '/home/fy62/Fusion/install/fusion_system_bringup/bin'
[4.366s] INFO:colcon.colcon_core.shell:Creating package script '/home/fy62/Fusion/install/fusion_system_bringup/share/fusion_system_bringup/package.ps1'
[4.367s] INFO:colcon.colcon_core.shell:Creating package descriptor '/home/fy62/Fusion/install/fusion_system_bringup/share/fusion_system_bringup/package.dsv'
[4.367s] INFO:colcon.colcon_core.shell:Creating package script '/home/fy62/Fusion/install/fusion_system_bringup/share/fusion_system_bringup/package.sh'
[4.368s] INFO:colcon.colcon_core.shell:Creating package script '/home/fy62/Fusion/install/fusion_system_bringup/share/fusion_system_bringup/package.bash'
[4.368s] INFO:colcon.colcon_core.shell:Creating package script '/home/fy62/Fusion/install/fusion_system_bringup/share/fusion_system_bringup/package.zsh'
[4.368s] Level 1:colcon.colcon_core.environment:create_file_with_runtime_dependencies(/home/fy62/Fusion/install/fusion_system_bringup/share/colcon-core/packages/fusion_system_bringup)
[4.421s] Level 1:colcon.colcon_core.environment:create_environment_scripts_only(fusion_system_bringup)
[4.439s] Level 1:colcon.colcon_core.environment:checking '/home/fy62/Fusion/install/fusion_system_bringup' for CMake module files
[4.440s] Level 1:colcon.colcon_core.environment:checking '/home/fy62/Fusion/install/fusion_system_bringup' for CMake config files
[4.440s] Level 1:colcon.colcon_core.shell:create_environment_hook('fusion_system_bringup', 'cmake_prefix_path')
[4.461s] INFO:colcon.colcon_core.shell:Creating environment hook '/home/fy62/Fusion/install/fusion_system_bringup/share/fusion_system_bringup/hook/cmake_prefix_path.ps1'
[4.461s] INFO:colcon.colcon_core.shell:Creating environment descriptor '/home/fy62/Fusion/install/fusion_system_bringup/share/fusion_system_bringup/hook/cmake_prefix_path.dsv'
[4.462s] INFO:colcon.colcon_core.shell:Creating environment hook '/home/fy62/Fusion/install/fusion_system_bringup/share/fusion_system_bringup/hook/cmake_prefix_path.sh'
[4.463s] Level 1:colcon.colcon_core.environment:checking '/home/fy62/Fusion/install/fusion_system_bringup/bin'
[4.463s] Level 1:colcon.colcon_core.environment:checking '/home/fy62/Fusion/install/fusion_system_bringup/lib/pkgconfig/fusion_system_bringup.pc'
[4.463s] Level 1:colcon.colcon_core.environment:checking '/home/fy62/Fusion/install/fusion_system_bringup/lib/python3.10/site-packages'
[4.463s] Level 1:colcon.colcon_core.environment:checking '/home/fy62/Fusion/install/fusion_system_bringup/bin'
[4.485s] INFO:colcon.colcon_core.shell:Creating package script '/home/fy62/Fusion/install/fusion_system_bringup/share/fusion_system_bringup/package.ps1'
[4.486s] INFO:colcon.colcon_core.shell:Creating package descriptor '/home/fy62/Fusion/install/fusion_system_bringup/share/fusion_system_bringup/package.dsv'
[4.487s] INFO:colcon.colcon_core.shell:Creating package script '/home/fy62/Fusion/install/fusion_system_bringup/share/fusion_system_bringup/package.sh'
[4.488s] INFO:colcon.colcon_core.shell:Creating package script '/home/fy62/Fusion/install/fusion_system_bringup/share/fusion_system_bringup/package.bash'
[4.488s] INFO:colcon.colcon_core.shell:Creating package script '/home/fy62/Fusion/install/fusion_system_bringup/share/fusion_system_bringup/package.zsh'
[4.489s] Level 1:colcon.colcon_core.environment:create_file_with_runtime_dependencies(/home/fy62/Fusion/install/fusion_system_bringup/share/colcon-core/packages/fusion_system_bringup)
[4.490s] DEBUG:colcon.colcon_parallel_executor.executor.parallel:closing loop
[4.490s] DEBUG:colcon.colcon_parallel_executor.executor.parallel:loop closed
[4.490s] DEBUG:colcon.colcon_parallel_executor.executor.parallel:run_until_complete finished with '0'
[4.490s] DEBUG:colcon.colcon_core.event_reactor:joining thread
[4.517s] INFO:colcon.colcon_core.plugin_system:Skipping extension 'colcon_notification.desktop_notification.notify_send': Could not find 'notify-send'
[4.517s] INFO:colcon.colcon_core.plugin_system:Skipping extension 'colcon_notification.desktop_notification.terminal_notifier': Not used on non-Darwin systems
[4.517s] INFO:colcon.colcon_core.plugin_system:Skipping extension 'colcon_notification.desktop_notification.win32': Not used on non-Windows systems
[4.517s] INFO:colcon.colcon_notification.desktop_notification:Sending desktop notification using 'notify2'
[4.640s] DEBUG:colcon.colcon_core.event_reactor:joined thread
[4.664s] INFO:colcon.colcon_core.shell:Creating prefix script '/home/fy62/Fusion/install/local_setup.ps1'
[4.665s] INFO:colcon.colcon_core.shell:Creating prefix util module '/home/fy62/Fusion/install/_local_setup_util_ps1.py'
[4.667s] INFO:colcon.colcon_core.shell:Creating prefix chain script '/home/fy62/Fusion/install/setup.ps1'
[4.687s] INFO:colcon.colcon_core.shell:Creating prefix script '/home/fy62/Fusion/install/local_setup.sh'
[4.688s] INFO:colcon.colcon_core.shell:Creating prefix util module '/home/fy62/Fusion/install/_local_setup_util_sh.py'
[4.689s] INFO:colcon.colcon_core.shell:Creating prefix chain script '/home/fy62/Fusion/install/setup.sh'
[4.709s] INFO:colcon.colcon_core.shell:Creating prefix script '/home/fy62/Fusion/install/local_setup.bash'
[4.710s] INFO:colcon.colcon_core.shell:Creating prefix chain script '/home/fy62/Fusion/install/setup.bash'
[4.732s] INFO:colcon.colcon_core.shell:Creating prefix script '/home/fy62/Fusion/install/local_setup.zsh'
[4.733s] INFO:colcon.colcon_core.shell:Creating prefix chain script '/home/fy62/Fusion/install/setup.zsh'
