running egg_info
creating ../../../build/fusion_system_display/fusion_system_display.egg-info
writing ../../../build/fusion_system_display/fusion_system_display.egg-info/PKG-INFO
writing dependency_links to ../../../build/fusion_system_display/fusion_system_display.egg-info/dependency_links.txt
writing entry points to ../../../build/fusion_system_display/fusion_system_display.egg-info/entry_points.txt
writing requirements to ../../../build/fusion_system_display/fusion_system_display.egg-info/requires.txt
writing top-level names to ../../../build/fusion_system_display/fusion_system_display.egg-info/top_level.txt
writing manifest file '../../../build/fusion_system_display/fusion_system_display.egg-info/SOURCES.txt'
reading manifest file '../../../build/fusion_system_display/fusion_system_display.egg-info/SOURCES.txt'
writing manifest file '../../../build/fusion_system_display/fusion_system_display.egg-info/SOURCES.txt'
running build
running build_py
creating /home/fy62/Fusion/build/fusion_system_display/build
creating /home/fy62/Fusion/build/fusion_system_display/build/lib
creating /home/fy62/Fusion/build/fusion_system_display/build/lib/fusion_system_display
copying fusion_system_display/__init__.py -> /home/fy62/Fusion/build/fusion_system_display/build/lib/fusion_system_display
copying fusion_system_display/displays.py -> /home/fy62/Fusion/build/fusion_system_display/build/lib/fusion_system_display
copying fusion_system_display/do_nothing.py -> /home/fy62/Fusion/build/fusion_system_display/build/lib/fusion_system_display
running install
/usr/lib/python3/dist-packages/setuptools/command/install.py:34: SetuptoolsDeprecationWarning: setup.py install is deprecated. Use build and pip and other standards-based tools.
  warnings.warn(
running install_lib
creating /home/fy62/Fusion/install/fusion_system_display/lib/python3.10/site-packages/fusion_system_display
copying /home/fy62/Fusion/build/fusion_system_display/build/lib/fusion_system_display/__init__.py -> /home/fy62/Fusion/install/fusion_system_display/lib/python3.10/site-packages/fusion_system_display
copying /home/fy62/Fusion/build/fusion_system_display/build/lib/fusion_system_display/displays.py -> /home/fy62/Fusion/install/fusion_system_display/lib/python3.10/site-packages/fusion_system_display
copying /home/fy62/Fusion/build/fusion_system_display/build/lib/fusion_system_display/do_nothing.py -> /home/fy62/Fusion/install/fusion_system_display/lib/python3.10/site-packages/fusion_system_display
byte-compiling /home/fy62/Fusion/install/fusion_system_display/lib/python3.10/site-packages/fusion_system_display/__init__.py to __init__.cpython-310.pyc
byte-compiling /home/fy62/Fusion/install/fusion_system_display/lib/python3.10/site-packages/fusion_system_display/displays.py to displays.cpython-310.pyc
byte-compiling /home/fy62/Fusion/install/fusion_system_display/lib/python3.10/site-packages/fusion_system_display/do_nothing.py to do_nothing.cpython-310.pyc
running install_data
creating /home/fy62/Fusion/install/fusion_system_display/share/ament_index
creating /home/fy62/Fusion/install/fusion_system_display/share/ament_index/resource_index
creating /home/fy62/Fusion/install/fusion_system_display/share/ament_index/resource_index/packages
copying resource/fusion_system_display -> /home/fy62/Fusion/install/fusion_system_display/share/ament_index/resource_index/packages
copying package.xml -> /home/fy62/Fusion/install/fusion_system_display/share/fusion_system_display
running install_egg_info
Copying ../../../build/fusion_system_display/fusion_system_display.egg-info to /home/fy62/Fusion/install/fusion_system_display/lib/python3.10/site-packages/fusion_system_display-0.0.0-py3.10.egg-info
running install_scripts
Installing do_nothing script to /home/fy62/Fusion/install/fusion_system_display/lib/fusion_system_display
writing list of installed files to '/home/fy62/Fusion/build/fusion_system_display/install.log'
