[1.387s] DEBUG:colcon:Command line arguments: ['/usr/bin/colcon', 'build', '--packages-select', 'fusion_system_bringup', 'fusion_system_display']
[1.387s] DEBUG:colcon:Parsed command line arguments: Namespace(log_base=None, log_level=None, verb_name='build', build_base='build', install_base='install', merge_install=False, symlink_install=False, test_result_base=None, continue_on_error=False, executor='parallel', parallel_workers=8, event_handlers=None, ignore_user_meta=False, metas=['./colcon.meta'], base_paths=['.'], packages_ignore=None, packages_ignore_regex=None, paths=None, packages_up_to=None, packages_up_to_regex=None, packages_above=None, packages_above_and_dependencies=None, packages_above_depth=None, packages_select_by_dep=None, packages_skip_by_dep=None, packages_skip_up_to=None, packages_select_build_failed=False, packages_skip_build_finished=False, packages_select_test_failures=False, packages_skip_test_passed=False, packages_select=['fusion_system_bringup', 'fusion_system_display'], packages_skip=None, packages_select_regex=None, packages_skip_regex=None, packages_start=None, packages_end=None, allow_overriding=[], cmake_args=None, cmake_target=None, cmake_target_skip_unavailable=False, cmake_clean_cache=False, cmake_clean_first=False, cmake_force_configure=False, ament_cmake_args=None, catkin_cmake_args=None, catkin_skip_building_tests=False, verb_parser=<colcon_defaults.argument_parser.defaults.DefaultArgumentsDecorator object at 0x7f640bd2abc0>, verb_extension=<colcon_core.verb.build.BuildVerb object at 0x7f640bfc49a0>, main=<bound method BuildVerb.main of <colcon_core.verb.build.BuildVerb object at 0x7f640bfc49a0>>)
[1.448s] Level 1:colcon.colcon_core.package_discovery:discover_packages(colcon_meta) check parameters
[1.448s] Level 1:colcon.colcon_core.package_discovery:discover_packages(recursive) check parameters
[1.448s] Level 1:colcon.colcon_core.package_discovery:discover_packages(ignore) check parameters
[1.448s] Level 1:colcon.colcon_core.package_discovery:discover_packages(path) check parameters
[1.448s] Level 1:colcon.colcon_core.package_discovery:discover_packages(colcon_meta) discover
[1.448s] Level 1:colcon.colcon_core.package_discovery:discover_packages(recursive) discover
[1.448s] INFO:colcon.colcon_core.package_discovery:Crawling recursively for packages in '/home/fy62/Fusion'
[1.448s] Level 1:colcon.colcon_core.package_identification:_identify(.) by extensions ['ignore', 'ignore_ament_install']
[1.448s] Level 1:colcon.colcon_core.package_identification:_identify(.) by extension 'ignore'
[1.448s] Level 1:colcon.colcon_core.package_identification:_identify(.) by extension 'ignore_ament_install'
[1.448s] Level 1:colcon.colcon_core.package_identification:_identify(.) by extensions ['colcon_pkg']
[1.449s] Level 1:colcon.colcon_core.package_identification:_identify(.) by extension 'colcon_pkg'
[1.449s] Level 1:colcon.colcon_core.package_identification:_identify(.) by extensions ['colcon_meta']
[1.449s] Level 1:colcon.colcon_core.package_identification:_identify(.) by extension 'colcon_meta'
[1.449s] Level 1:colcon.colcon_core.package_identification:_identify(.) by extensions ['ros']
[1.449s] Level 1:colcon.colcon_core.package_identification:_identify(.) by extension 'ros'
[1.462s] Level 1:colcon.colcon_core.package_identification:_identify(.) by extensions ['cmake', 'python']
[1.462s] Level 1:colcon.colcon_core.package_identification:_identify(.) by extension 'cmake'
[1.462s] Level 1:colcon.colcon_core.package_identification:_identify(.) by extension 'python'
[1.462s] Level 1:colcon.colcon_core.package_identification:_identify(.) by extensions ['python_setup_py']
[1.462s] Level 1:colcon.colcon_core.package_identification:_identify(.) by extension 'python_setup_py'
[1.462s] Level 1:colcon.colcon_core.package_identification:_identify(build) by extensions ['ignore', 'ignore_ament_install']
[1.462s] Level 1:colcon.colcon_core.package_identification:_identify(build) by extension 'ignore'
[1.462s] Level 1:colcon.colcon_core.package_identification:_identify(build) ignored
[1.463s] Level 1:colcon.colcon_core.package_identification:_identify(install) by extensions ['ignore', 'ignore_ament_install']
[1.463s] Level 1:colcon.colcon_core.package_identification:_identify(install) by extension 'ignore'
[1.463s] Level 1:colcon.colcon_core.package_identification:_identify(install) ignored
[1.463s] Level 1:colcon.colcon_core.package_identification:_identify(log) by extensions ['ignore', 'ignore_ament_install']
[1.463s] Level 1:colcon.colcon_core.package_identification:_identify(log) by extension 'ignore'
[1.463s] Level 1:colcon.colcon_core.package_identification:_identify(log) ignored
[1.463s] Level 1:colcon.colcon_core.package_identification:_identify(src) by extensions ['ignore', 'ignore_ament_install']
[1.463s] Level 1:colcon.colcon_core.package_identification:_identify(src) by extension 'ignore'
[1.463s] Level 1:colcon.colcon_core.package_identification:_identify(src) by extension 'ignore_ament_install'
[1.463s] Level 1:colcon.colcon_core.package_identification:_identify(src) by extensions ['colcon_pkg']
[1.463s] Level 1:colcon.colcon_core.package_identification:_identify(src) by extension 'colcon_pkg'
[1.463s] Level 1:colcon.colcon_core.package_identification:_identify(src) by extensions ['colcon_meta']
[1.463s] Level 1:colcon.colcon_core.package_identification:_identify(src) by extension 'colcon_meta'
[1.463s] Level 1:colcon.colcon_core.package_identification:_identify(src) by extensions ['ros']
[1.463s] Level 1:colcon.colcon_core.package_identification:_identify(src) by extension 'ros'
[1.464s] Level 1:colcon.colcon_core.package_identification:_identify(src) by extensions ['cmake', 'python']
[1.464s] Level 1:colcon.colcon_core.package_identification:_identify(src) by extension 'cmake'
[1.464s] Level 1:colcon.colcon_core.package_identification:_identify(src) by extension 'python'
[1.464s] Level 1:colcon.colcon_core.package_identification:_identify(src) by extensions ['python_setup_py']
[1.464s] Level 1:colcon.colcon_core.package_identification:_identify(src) by extension 'python_setup_py'
[1.464s] Level 1:colcon.colcon_core.package_identification:_identify(src/fusion-system) by extensions ['ignore', 'ignore_ament_install']
[1.464s] Level 1:colcon.colcon_core.package_identification:_identify(src/fusion-system) by extension 'ignore'
[1.464s] Level 1:colcon.colcon_core.package_identification:_identify(src/fusion-system) by extension 'ignore_ament_install'
[1.464s] Level 1:colcon.colcon_core.package_identification:_identify(src/fusion-system) by extensions ['colcon_pkg']
[1.464s] Level 1:colcon.colcon_core.package_identification:_identify(src/fusion-system) by extension 'colcon_pkg'
[1.464s] Level 1:colcon.colcon_core.package_identification:_identify(src/fusion-system) by extensions ['colcon_meta']
[1.464s] Level 1:colcon.colcon_core.package_identification:_identify(src/fusion-system) by extension 'colcon_meta'
[1.464s] Level 1:colcon.colcon_core.package_identification:_identify(src/fusion-system) by extensions ['ros']
[1.464s] Level 1:colcon.colcon_core.package_identification:_identify(src/fusion-system) by extension 'ros'
[1.464s] Level 1:colcon.colcon_core.package_identification:_identify(src/fusion-system) by extensions ['cmake', 'python']
[1.464s] Level 1:colcon.colcon_core.package_identification:_identify(src/fusion-system) by extension 'cmake'
[1.465s] Level 1:colcon.colcon_core.package_identification:_identify(src/fusion-system) by extension 'python'
[1.465s] Level 1:colcon.colcon_core.package_identification:_identify(src/fusion-system) by extensions ['python_setup_py']
[1.465s] Level 1:colcon.colcon_core.package_identification:_identify(src/fusion-system) by extension 'python_setup_py'
[1.465s] Level 1:colcon.colcon_core.package_identification:_identify(src/fusion-system/fusion_system) by extensions ['ignore', 'ignore_ament_install']
[1.465s] Level 1:colcon.colcon_core.package_identification:_identify(src/fusion-system/fusion_system) by extension 'ignore'
[1.465s] Level 1:colcon.colcon_core.package_identification:_identify(src/fusion-system/fusion_system) by extension 'ignore_ament_install'
[1.465s] Level 1:colcon.colcon_core.package_identification:_identify(src/fusion-system/fusion_system) by extensions ['colcon_pkg']
[1.465s] Level 1:colcon.colcon_core.package_identification:_identify(src/fusion-system/fusion_system) by extension 'colcon_pkg'
[1.465s] Level 1:colcon.colcon_core.package_identification:_identify(src/fusion-system/fusion_system) by extensions ['colcon_meta']
[1.465s] Level 1:colcon.colcon_core.package_identification:_identify(src/fusion-system/fusion_system) by extension 'colcon_meta'
[1.465s] Level 1:colcon.colcon_core.package_identification:_identify(src/fusion-system/fusion_system) by extensions ['ros']
[1.465s] Level 1:colcon.colcon_core.package_identification:_identify(src/fusion-system/fusion_system) by extension 'ros'
[1.468s] DEBUG:colcon.colcon_core.package_identification:Package 'src/fusion-system/fusion_system' with type 'ros.ament_cmake' and name 'fusion_system'
[1.468s] Level 1:colcon.colcon_core.package_identification:_identify(src/fusion-system/fusion_system_bringup) by extensions ['ignore', 'ignore_ament_install']
[1.468s] Level 1:colcon.colcon_core.package_identification:_identify(src/fusion-system/fusion_system_bringup) by extension 'ignore'
[1.469s] Level 1:colcon.colcon_core.package_identification:_identify(src/fusion-system/fusion_system_bringup) by extension 'ignore_ament_install'
[1.469s] Level 1:colcon.colcon_core.package_identification:_identify(src/fusion-system/fusion_system_bringup) by extensions ['colcon_pkg']
[1.469s] Level 1:colcon.colcon_core.package_identification:_identify(src/fusion-system/fusion_system_bringup) by extension 'colcon_pkg'
[1.469s] Level 1:colcon.colcon_core.package_identification:_identify(src/fusion-system/fusion_system_bringup) by extensions ['colcon_meta']
[1.469s] Level 1:colcon.colcon_core.package_identification:_identify(src/fusion-system/fusion_system_bringup) by extension 'colcon_meta'
[1.469s] Level 1:colcon.colcon_core.package_identification:_identify(src/fusion-system/fusion_system_bringup) by extensions ['ros']
[1.469s] Level 1:colcon.colcon_core.package_identification:_identify(src/fusion-system/fusion_system_bringup) by extension 'ros'
[1.469s] DEBUG:colcon.colcon_core.package_identification:Package 'src/fusion-system/fusion_system_bringup' with type 'ros.ament_cmake' and name 'fusion_system_bringup'
[1.469s] Level 1:colcon.colcon_core.package_identification:_identify(src/fusion-system/fusion_system_display) by extensions ['ignore', 'ignore_ament_install']
[1.470s] Level 1:colcon.colcon_core.package_identification:_identify(src/fusion-system/fusion_system_display) by extension 'ignore'
[1.470s] Level 1:colcon.colcon_core.package_identification:_identify(src/fusion-system/fusion_system_display) by extension 'ignore_ament_install'
[1.470s] Level 1:colcon.colcon_core.package_identification:_identify(src/fusion-system/fusion_system_display) by extensions ['colcon_pkg']
[1.470s] Level 1:colcon.colcon_core.package_identification:_identify(src/fusion-system/fusion_system_display) by extension 'colcon_pkg'
[1.470s] Level 1:colcon.colcon_core.package_identification:_identify(src/fusion-system/fusion_system_display) by extensions ['colcon_meta']
[1.470s] Level 1:colcon.colcon_core.package_identification:_identify(src/fusion-system/fusion_system_display) by extension 'colcon_meta'
[1.470s] Level 1:colcon.colcon_core.package_identification:_identify(src/fusion-system/fusion_system_display) by extensions ['ros']
[1.470s] Level 1:colcon.colcon_core.package_identification:_identify(src/fusion-system/fusion_system_display) by extension 'ros'
[1.470s] DEBUG:colcon.colcon_core.package_identification:Package 'src/fusion-system/fusion_system_display' with type 'ros.ament_python' and name 'fusion_system_display'
[1.470s] Level 1:colcon.colcon_core.package_identification:_identify(src/fusion-system/fusion_system_drivers) by extensions ['ignore', 'ignore_ament_install']
[1.471s] Level 1:colcon.colcon_core.package_identification:_identify(src/fusion-system/fusion_system_drivers) by extension 'ignore'
[1.471s] Level 1:colcon.colcon_core.package_identification:_identify(src/fusion-system/fusion_system_drivers) by extension 'ignore_ament_install'
[1.471s] Level 1:colcon.colcon_core.package_identification:_identify(src/fusion-system/fusion_system_drivers) by extensions ['colcon_pkg']
[1.471s] Level 1:colcon.colcon_core.package_identification:_identify(src/fusion-system/fusion_system_drivers) by extension 'colcon_pkg'
[1.471s] Level 1:colcon.colcon_core.package_identification:_identify(src/fusion-system/fusion_system_drivers) by extensions ['colcon_meta']
[1.471s] Level 1:colcon.colcon_core.package_identification:_identify(src/fusion-system/fusion_system_drivers) by extension 'colcon_meta'
[1.471s] Level 1:colcon.colcon_core.package_identification:_identify(src/fusion-system/fusion_system_drivers) by extensions ['ros']
[1.471s] Level 1:colcon.colcon_core.package_identification:_identify(src/fusion-system/fusion_system_drivers) by extension 'ros'
[1.471s] DEBUG:colcon.colcon_core.package_identification:Package 'src/fusion-system/fusion_system_drivers' with type 'ros.ament_cmake' and name 'fusion_system_drivers'
[1.472s] Level 1:colcon.colcon_core.package_identification:_identify(src/fusion-system/fusion_system_msgs) by extensions ['ignore', 'ignore_ament_install']
[1.472s] Level 1:colcon.colcon_core.package_identification:_identify(src/fusion-system/fusion_system_msgs) by extension 'ignore'
[1.472s] Level 1:colcon.colcon_core.package_identification:_identify(src/fusion-system/fusion_system_msgs) by extension 'ignore_ament_install'
[1.472s] Level 1:colcon.colcon_core.package_identification:_identify(src/fusion-system/fusion_system_msgs) by extensions ['colcon_pkg']
[1.472s] Level 1:colcon.colcon_core.package_identification:_identify(src/fusion-system/fusion_system_msgs) by extension 'colcon_pkg'
[1.472s] Level 1:colcon.colcon_core.package_identification:_identify(src/fusion-system/fusion_system_msgs) by extensions ['colcon_meta']
[1.472s] Level 1:colcon.colcon_core.package_identification:_identify(src/fusion-system/fusion_system_msgs) by extension 'colcon_meta'
[1.472s] Level 1:colcon.colcon_core.package_identification:_identify(src/fusion-system/fusion_system_msgs) by extensions ['ros']
[1.472s] Level 1:colcon.colcon_core.package_identification:_identify(src/fusion-system/fusion_system_msgs) by extension 'ros'
[1.472s] DEBUG:colcon.colcon_core.package_identification:Package 'src/fusion-system/fusion_system_msgs' with type 'ros.ament_cmake' and name 'fusion_system_msgs'
[1.473s] Level 1:colcon.colcon_core.package_identification:_identify(src/fusion-system/fusion_system_perception) by extensions ['ignore', 'ignore_ament_install']
[1.473s] Level 1:colcon.colcon_core.package_identification:_identify(src/fusion-system/fusion_system_perception) by extension 'ignore'
[1.473s] Level 1:colcon.colcon_core.package_identification:_identify(src/fusion-system/fusion_system_perception) by extension 'ignore_ament_install'
[1.473s] Level 1:colcon.colcon_core.package_identification:_identify(src/fusion-system/fusion_system_perception) by extensions ['colcon_pkg']
[1.473s] Level 1:colcon.colcon_core.package_identification:_identify(src/fusion-system/fusion_system_perception) by extension 'colcon_pkg'
[1.473s] Level 1:colcon.colcon_core.package_identification:_identify(src/fusion-system/fusion_system_perception) by extensions ['colcon_meta']
[1.473s] Level 1:colcon.colcon_core.package_identification:_identify(src/fusion-system/fusion_system_perception) by extension 'colcon_meta'
[1.473s] Level 1:colcon.colcon_core.package_identification:_identify(src/fusion-system/fusion_system_perception) by extensions ['ros']
[1.473s] Level 1:colcon.colcon_core.package_identification:_identify(src/fusion-system/fusion_system_perception) by extension 'ros'
[1.473s] DEBUG:colcon.colcon_core.package_identification:Package 'src/fusion-system/fusion_system_perception' with type 'ros.ament_python' and name 'fusion_system_perception'
[1.474s] Level 1:colcon.colcon_core.package_identification:_identify(src/fusion-system/fusion_system_tracking) by extensions ['ignore', 'ignore_ament_install']
[1.474s] Level 1:colcon.colcon_core.package_identification:_identify(src/fusion-system/fusion_system_tracking) by extension 'ignore'
[1.474s] Level 1:colcon.colcon_core.package_identification:_identify(src/fusion-system/fusion_system_tracking) by extension 'ignore_ament_install'
[1.474s] Level 1:colcon.colcon_core.package_identification:_identify(src/fusion-system/fusion_system_tracking) by extensions ['colcon_pkg']
[1.474s] Level 1:colcon.colcon_core.package_identification:_identify(src/fusion-system/fusion_system_tracking) by extension 'colcon_pkg'
[1.474s] Level 1:colcon.colcon_core.package_identification:_identify(src/fusion-system/fusion_system_tracking) by extensions ['colcon_meta']
[1.474s] Level 1:colcon.colcon_core.package_identification:_identify(src/fusion-system/fusion_system_tracking) by extension 'colcon_meta'
[1.474s] Level 1:colcon.colcon_core.package_identification:_identify(src/fusion-system/fusion_system_tracking) by extensions ['ros']
[1.474s] Level 1:colcon.colcon_core.package_identification:_identify(src/fusion-system/fusion_system_tracking) by extension 'ros'
[1.474s] DEBUG:colcon.colcon_core.package_identification:Package 'src/fusion-system/fusion_system_tracking' with type 'ros.ament_python' and name 'fusion_system_tracking'
[1.475s] Level 1:colcon.colcon_core.package_discovery:discover_packages(recursive) using defaults
[1.475s] Level 1:colcon.colcon_core.package_discovery:discover_packages(ignore) discover
[1.475s] Level 1:colcon.colcon_core.package_discovery:discover_packages(ignore) using defaults
[1.475s] Level 1:colcon.colcon_core.package_discovery:discover_packages(path) discover
[1.475s] Level 1:colcon.colcon_core.package_discovery:discover_packages(path) using defaults
[1.553s] INFO:colcon.colcon_core.package_selection:Skipping not selected package 'fusion_system' in 'src/fusion-system/fusion_system'
[1.554s] INFO:colcon.colcon_core.package_selection:Skipping not selected package 'fusion_system_drivers' in 'src/fusion-system/fusion_system_drivers'
[1.554s] INFO:colcon.colcon_core.package_selection:Skipping not selected package 'fusion_system_msgs' in 'src/fusion-system/fusion_system_msgs'
[1.554s] INFO:colcon.colcon_core.package_selection:Skipping not selected package 'fusion_system_perception' in 'src/fusion-system/fusion_system_perception'
[1.554s] INFO:colcon.colcon_core.package_selection:Skipping not selected package 'fusion_system_tracking' in 'src/fusion-system/fusion_system_tracking'
[1.590s] Level 1:colcon.colcon_core.package_discovery:discover_packages(prefix_path) check parameters
[1.590s] Level 1:colcon.colcon_core.package_discovery:discover_packages(prefix_path) discover
[1.609s] WARNING:colcon.colcon_core.prefix_path.colcon:The path '/home/fy62/Fusion/src/install' in the environment variable COLCON_PREFIX_PATH doesn't exist
[1.609s] WARNING:colcon.colcon_ros.prefix_path.ament:The path '/home/fy62/Fusion/install/fusion_system_perception' in the environment variable AMENT_PREFIX_PATH doesn't exist
[1.609s] WARNING:colcon.colcon_ros.prefix_path.ament:The path '/home/fy62/Fusion/install/fusion_system_drivers' in the environment variable AMENT_PREFIX_PATH doesn't exist
[1.609s] WARNING:colcon.colcon_ros.prefix_path.ament:The path '/home/fy62/Fusion/install/fusion_system_bringup' in the environment variable AMENT_PREFIX_PATH doesn't exist
[1.609s] WARNING:colcon.colcon_ros.prefix_path.ament:The path '/home/fy62/Fusion/install/fusion_system_display' in the environment variable AMENT_PREFIX_PATH doesn't exist
[1.609s] WARNING:colcon.colcon_ros.prefix_path.ament:The path '/home/fy62/Fusion/src/install/fusion_system_drivers' in the environment variable AMENT_PREFIX_PATH doesn't exist
[1.609s] WARNING:colcon.colcon_ros.prefix_path.ament:The path '/home/fy62/Fusion/src/install/fusion_system_bringup' in the environment variable AMENT_PREFIX_PATH doesn't exist
[1.609s] WARNING:colcon.colcon_ros.prefix_path.ament:The path '/home/fy62/Fusion/src/install/fusion_system_display' in the environment variable AMENT_PREFIX_PATH doesn't exist
[1.609s] WARNING:colcon.colcon_ros.prefix_path.catkin:The path '/home/fy62/Fusion/install/fusion_system_drivers' in the environment variable CMAKE_PREFIX_PATH doesn't exist
[1.609s] WARNING:colcon.colcon_ros.prefix_path.catkin:The path '/home/fy62/Fusion/install/fusion_system_bringup' in the environment variable CMAKE_PREFIX_PATH doesn't exist
[1.609s] WARNING:colcon.colcon_ros.prefix_path.catkin:The path '/home/fy62/Fusion/src/install/fusion_system_drivers' in the environment variable CMAKE_PREFIX_PATH doesn't exist
[1.609s] WARNING:colcon.colcon_ros.prefix_path.catkin:The path '/home/fy62/Fusion/src/install/fusion_system_bringup' in the environment variable CMAKE_PREFIX_PATH doesn't exist
[1.628s] DEBUG:colcon.colcon_installed_package_information.package_discovery:Found 0 installed packages in /home/fy62/Fusion/install
[1.647s] DEBUG:colcon.colcon_installed_package_information.package_discovery:Found 284 installed packages in /opt/ros/humble
[1.648s] Level 1:colcon.colcon_core.package_discovery:discover_packages(prefix_path) using defaults
[1.758s] Level 5:colcon.colcon_core.verb:set package 'fusion_system_display' build argument 'cmake_args' from command line to 'None'
[1.758s] Level 5:colcon.colcon_core.verb:set package 'fusion_system_display' build argument 'cmake_target' from command line to 'None'
[1.758s] Level 5:colcon.colcon_core.verb:set package 'fusion_system_display' build argument 'cmake_target_skip_unavailable' from command line to 'False'
[1.758s] Level 5:colcon.colcon_core.verb:set package 'fusion_system_display' build argument 'cmake_clean_cache' from command line to 'False'
[1.758s] Level 5:colcon.colcon_core.verb:set package 'fusion_system_display' build argument 'cmake_clean_first' from command line to 'False'
[1.758s] Level 5:colcon.colcon_core.verb:set package 'fusion_system_display' build argument 'cmake_force_configure' from command line to 'False'
[1.759s] Level 5:colcon.colcon_core.verb:set package 'fusion_system_display' build argument 'ament_cmake_args' from command line to 'None'
[1.759s] Level 5:colcon.colcon_core.verb:set package 'fusion_system_display' build argument 'catkin_cmake_args' from command line to 'None'
[1.759s] Level 5:colcon.colcon_core.verb:set package 'fusion_system_display' build argument 'catkin_skip_building_tests' from command line to 'False'
[1.759s] DEBUG:colcon.colcon_core.verb:Building package 'fusion_system_display' with the following arguments: {'ament_cmake_args': None, 'build_base': '/home/fy62/Fusion/build/fusion_system_display', 'catkin_cmake_args': None, 'catkin_skip_building_tests': False, 'cmake_args': None, 'cmake_clean_cache': False, 'cmake_clean_first': False, 'cmake_force_configure': False, 'cmake_target': None, 'cmake_target_skip_unavailable': False, 'install_base': '/home/fy62/Fusion/install/fusion_system_display', 'merge_install': False, 'path': '/home/fy62/Fusion/src/fusion-system/fusion_system_display', 'symlink_install': False, 'test_result_base': None}
[1.776s] Level 5:colcon.colcon_core.verb:set package 'fusion_system_bringup' build argument 'cmake_args' from command line to 'None'
[1.776s] Level 5:colcon.colcon_core.verb:set package 'fusion_system_bringup' build argument 'cmake_target' from command line to 'None'
[1.776s] Level 5:colcon.colcon_core.verb:set package 'fusion_system_bringup' build argument 'cmake_target_skip_unavailable' from command line to 'False'
[1.777s] Level 5:colcon.colcon_core.verb:set package 'fusion_system_bringup' build argument 'cmake_clean_cache' from command line to 'False'
[1.777s] Level 5:colcon.colcon_core.verb:set package 'fusion_system_bringup' build argument 'cmake_clean_first' from command line to 'False'
[1.777s] Level 5:colcon.colcon_core.verb:set package 'fusion_system_bringup' build argument 'cmake_force_configure' from command line to 'False'
[1.777s] Level 5:colcon.colcon_core.verb:set package 'fusion_system_bringup' build argument 'ament_cmake_args' from command line to 'None'
[1.777s] Level 5:colcon.colcon_core.verb:set package 'fusion_system_bringup' build argument 'catkin_cmake_args' from command line to 'None'
[1.777s] Level 5:colcon.colcon_core.verb:set package 'fusion_system_bringup' build argument 'catkin_skip_building_tests' from command line to 'False'
[1.777s] DEBUG:colcon.colcon_core.verb:Building package 'fusion_system_bringup' with the following arguments: {'ament_cmake_args': None, 'build_base': '/home/fy62/Fusion/build/fusion_system_bringup', 'catkin_cmake_args': None, 'catkin_skip_building_tests': False, 'cmake_args': None, 'cmake_clean_cache': False, 'cmake_clean_first': False, 'cmake_force_configure': False, 'cmake_target': None, 'cmake_target_skip_unavailable': False, 'install_base': '/home/fy62/Fusion/install/fusion_system_bringup', 'merge_install': False, 'path': '/home/fy62/Fusion/src/fusion-system/fusion_system_bringup', 'symlink_install': False, 'test_result_base': None}
[1.794s] INFO:colcon.colcon_core.executor:Executing jobs using 'parallel' executor
[1.814s] DEBUG:colcon.colcon_parallel_executor.executor.parallel:run_until_complete
[1.815s] INFO:colcon.colcon_ros.task.ament_python.build:Building ROS package in '/home/fy62/Fusion/src/fusion-system/fusion_system_display' with build type 'ament_python'
[1.815s] Level 1:colcon.colcon_core.shell:create_environment_hook('fusion_system_display', 'ament_prefix_path')
[1.836s] INFO:colcon.colcon_core.plugin_system:Skipping extension 'colcon_core.shell.bat': Not used on non-Windows systems
[1.836s] INFO:colcon.colcon_core.shell:Creating environment hook '/home/fy62/Fusion/install/fusion_system_display/share/fusion_system_display/hook/ament_prefix_path.ps1'
[1.837s] INFO:colcon.colcon_core.shell:Creating environment descriptor '/home/fy62/Fusion/install/fusion_system_display/share/fusion_system_display/hook/ament_prefix_path.dsv'
[1.838s] INFO:colcon.colcon_core.shell:Creating environment hook '/home/fy62/Fusion/install/fusion_system_display/share/fusion_system_display/hook/ament_prefix_path.sh'
[1.856s] INFO:colcon.colcon_core.shell:Skip shell extension 'powershell' for command environment: Not usable outside of PowerShell
[1.857s] DEBUG:colcon.colcon_core.shell:Skip shell extension 'dsv' for command environment
[2.218s] INFO:colcon.colcon_core.task.python.build:Building Python package in '/home/fy62/Fusion/src/fusion-system/fusion_system_display'
[2.237s] INFO:colcon.colcon_core.shell:Skip shell extension 'powershell' for command environment: Not usable outside of PowerShell
[2.237s] DEBUG:colcon.colcon_core.shell:Skip shell extension 'dsv' for command environment
[2.751s] DEBUG:colcon.colcon_core.event_handler.log_command:Invoking command in '/home/fy62/Fusion/src/fusion-system/fusion_system_display': PYTHONPATH=/home/fy62/Fusion/build/fusion_system_display/prefix_override:/home/fy62/Fusion/install/fusion_system_display/lib/python3.10/site-packages:${PYTHONPATH} /usr/bin/python3 setup.py egg_info --egg-base ../../../build/fusion_system_display build --build-base /home/fy62/Fusion/build/fusion_system_display/build install --record /home/fy62/Fusion/build/fusion_system_display/install.log --single-version-externally-managed
[3.138s] DEBUG:colcon.colcon_core.event_handler.log_command:Invoked command in '/home/fy62/Fusion/src/fusion-system/fusion_system_display' returned '0': PYTHONPATH=/home/fy62/Fusion/build/fusion_system_display/prefix_override:/home/fy62/Fusion/install/fusion_system_display/lib/python3.10/site-packages:${PYTHONPATH} /usr/bin/python3 setup.py egg_info --egg-base ../../../build/fusion_system_display build --build-base /home/fy62/Fusion/build/fusion_system_display/build install --record /home/fy62/Fusion/build/fusion_system_display/install.log --single-version-externally-managed
[3.182s] Level 1:colcon.colcon_core.environment:checking '/home/fy62/Fusion/install/fusion_system_display' for CMake module files
[3.183s] Level 1:colcon.colcon_core.environment:checking '/home/fy62/Fusion/install/fusion_system_display' for CMake config files
[3.184s] Level 1:colcon.colcon_core.environment:checking '/home/fy62/Fusion/install/fusion_system_display/lib'
[3.185s] Level 1:colcon.colcon_core.environment:checking '/home/fy62/Fusion/install/fusion_system_display/bin'
[3.185s] Level 1:colcon.colcon_core.environment:checking '/home/fy62/Fusion/install/fusion_system_display/lib/pkgconfig/fusion_system_display.pc'
[3.185s] Level 1:colcon.colcon_core.environment:checking '/home/fy62/Fusion/install/fusion_system_display/lib/python3.10/site-packages'
[3.185s] Level 1:colcon.colcon_core.shell:create_environment_hook('fusion_system_display', 'pythonpath')
[3.204s] INFO:colcon.colcon_core.shell:Creating environment hook '/home/fy62/Fusion/install/fusion_system_display/share/fusion_system_display/hook/pythonpath.ps1'
[3.204s] INFO:colcon.colcon_core.shell:Creating environment descriptor '/home/fy62/Fusion/install/fusion_system_display/share/fusion_system_display/hook/pythonpath.dsv'
[3.205s] INFO:colcon.colcon_core.shell:Creating environment hook '/home/fy62/Fusion/install/fusion_system_display/share/fusion_system_display/hook/pythonpath.sh'
[3.205s] Level 1:colcon.colcon_core.environment:checking '/home/fy62/Fusion/install/fusion_system_display/bin'
[3.205s] Level 1:colcon.colcon_core.environment:create_environment_scripts_only(fusion_system_display)
[3.226s] INFO:colcon.colcon_core.shell:Creating package script '/home/fy62/Fusion/install/fusion_system_display/share/fusion_system_display/package.ps1'
[3.228s] INFO:colcon.colcon_core.shell:Creating package descriptor '/home/fy62/Fusion/install/fusion_system_display/share/fusion_system_display/package.dsv'
[3.229s] INFO:colcon.colcon_core.shell:Creating package script '/home/fy62/Fusion/install/fusion_system_display/share/fusion_system_display/package.sh'
[3.230s] INFO:colcon.colcon_core.shell:Creating package script '/home/fy62/Fusion/install/fusion_system_display/share/fusion_system_display/package.bash'
[3.230s] INFO:colcon.colcon_core.shell:Creating package script '/home/fy62/Fusion/install/fusion_system_display/share/fusion_system_display/package.zsh'
[3.231s] Level 1:colcon.colcon_core.environment:create_file_with_runtime_dependencies(/home/fy62/Fusion/install/fusion_system_display/share/colcon-core/packages/fusion_system_display)
[3.232s] INFO:colcon.colcon_ros.task.ament_cmake.build:Building ROS package in '/home/fy62/Fusion/src/fusion-system/fusion_system_bringup' with build type 'ament_cmake'
[3.232s] INFO:colcon.colcon_cmake.task.cmake.build:Building CMake package in '/home/fy62/Fusion/src/fusion-system/fusion_system_bringup'
[3.252s] INFO:colcon.colcon_core.shell:Skip shell extension 'powershell' for command environment: Not usable outside of PowerShell
[3.252s] DEBUG:colcon.colcon_core.shell:Skip shell extension 'dsv' for command environment
[3.355s] DEBUG:colcon.colcon_core.event_handler.log_command:Invoking command in '/home/fy62/Fusion/build/fusion_system_bringup': AMENT_PREFIX_PATH=/home/fy62/Fusion/install/fusion_system_display:/home/fy62/Fusion/install/fusion_system_perception:/home/fy62/Fusion/install/fusion_system_drivers:/home/fy62/Fusion/install/fusion_system_bringup:/home/fy62/Fusion/src/install/fusion_system_drivers:/home/fy62/Fusion/src/install/fusion_system_bringup:/home/fy62/Fusion/src/install/fusion_system_display:/opt/ros/humble CMAKE_PREFIX_PATH=${CMAKE_PREFIX_PATH}:/home/fy62/Fusion/install/fusion_system_perception:/home/fy62/Fusion/install/fusion_system_display:/home/fy62/Fusion/src/install/fusion_system_display:/opt/ros/humble PYTHONPATH=/home/fy62/Fusion/install/fusion_system_display/lib/python3.10/site-packages:/home/fy62/Fusion/install/fusion_system_perception/lib/python3.10/site-packages:/home/fy62/Fusion/src/install/fusion_system_display/lib/python3.10/site-packages:/opt/ros/humble/lib/python3.10/site-packages:/opt/ros/humble/local/lib/python3.10/dist-packages /usr/bin/cmake /home/fy62/Fusion/src/fusion-system/fusion_system_bringup -DCMAKE_INSTALL_PREFIX=/home/fy62/Fusion/install/fusion_system_bringup
[4.230s] DEBUG:colcon.colcon_core.event_handler.log_command:Invoked command in '/home/fy62/Fusion/build/fusion_system_bringup' returned '0': AMENT_PREFIX_PATH=/home/fy62/Fusion/install/fusion_system_display:/home/fy62/Fusion/install/fusion_system_perception:/home/fy62/Fusion/install/fusion_system_drivers:/home/fy62/Fusion/install/fusion_system_bringup:/home/fy62/Fusion/src/install/fusion_system_drivers:/home/fy62/Fusion/src/install/fusion_system_bringup:/home/fy62/Fusion/src/install/fusion_system_display:/opt/ros/humble CMAKE_PREFIX_PATH=${CMAKE_PREFIX_PATH}:/home/fy62/Fusion/install/fusion_system_perception:/home/fy62/Fusion/install/fusion_system_display:/home/fy62/Fusion/src/install/fusion_system_display:/opt/ros/humble PYTHONPATH=/home/fy62/Fusion/install/fusion_system_display/lib/python3.10/site-packages:/home/fy62/Fusion/install/fusion_system_perception/lib/python3.10/site-packages:/home/fy62/Fusion/src/install/fusion_system_display/lib/python3.10/site-packages:/opt/ros/humble/lib/python3.10/site-packages:/opt/ros/humble/local/lib/python3.10/dist-packages /usr/bin/cmake /home/fy62/Fusion/src/fusion-system/fusion_system_bringup -DCMAKE_INSTALL_PREFIX=/home/fy62/Fusion/install/fusion_system_bringup
[4.233s] DEBUG:colcon.colcon_core.event_handler.log_command:Invoking command in '/home/fy62/Fusion/build/fusion_system_bringup': AMENT_PREFIX_PATH=/home/fy62/Fusion/install/fusion_system_display:/home/fy62/Fusion/install/fusion_system_perception:/home/fy62/Fusion/install/fusion_system_drivers:/home/fy62/Fusion/install/fusion_system_bringup:/home/fy62/Fusion/src/install/fusion_system_drivers:/home/fy62/Fusion/src/install/fusion_system_bringup:/home/fy62/Fusion/src/install/fusion_system_display:/opt/ros/humble CMAKE_PREFIX_PATH=${CMAKE_PREFIX_PATH}:/home/fy62/Fusion/install/fusion_system_perception:/home/fy62/Fusion/install/fusion_system_display:/home/fy62/Fusion/src/install/fusion_system_display:/opt/ros/humble PYTHONPATH=/home/fy62/Fusion/install/fusion_system_display/lib/python3.10/site-packages:/home/fy62/Fusion/install/fusion_system_perception/lib/python3.10/site-packages:/home/fy62/Fusion/src/install/fusion_system_display/lib/python3.10/site-packages:/opt/ros/humble/lib/python3.10/site-packages:/opt/ros/humble/local/lib/python3.10/dist-packages /usr/bin/cmake --build /home/fy62/Fusion/build/fusion_system_bringup -- -j8 -l8
[4.288s] DEBUG:colcon.colcon_core.event_handler.log_command:Invoked command in '/home/fy62/Fusion/build/fusion_system_bringup' returned '0': AMENT_PREFIX_PATH=/home/fy62/Fusion/install/fusion_system_display:/home/fy62/Fusion/install/fusion_system_perception:/home/fy62/Fusion/install/fusion_system_drivers:/home/fy62/Fusion/install/fusion_system_bringup:/home/fy62/Fusion/src/install/fusion_system_drivers:/home/fy62/Fusion/src/install/fusion_system_bringup:/home/fy62/Fusion/src/install/fusion_system_display:/opt/ros/humble CMAKE_PREFIX_PATH=${CMAKE_PREFIX_PATH}:/home/fy62/Fusion/install/fusion_system_perception:/home/fy62/Fusion/install/fusion_system_display:/home/fy62/Fusion/src/install/fusion_system_display:/opt/ros/humble PYTHONPATH=/home/fy62/Fusion/install/fusion_system_display/lib/python3.10/site-packages:/home/fy62/Fusion/install/fusion_system_perception/lib/python3.10/site-packages:/home/fy62/Fusion/src/install/fusion_system_display/lib/python3.10/site-packages:/opt/ros/humble/lib/python3.10/site-packages:/opt/ros/humble/local/lib/python3.10/dist-packages /usr/bin/cmake --build /home/fy62/Fusion/build/fusion_system_bringup -- -j8 -l8
[4.346s] DEBUG:colcon.colcon_core.event_handler.log_command:Invoking command in '/home/fy62/Fusion/build/fusion_system_bringup': AMENT_PREFIX_PATH=/home/fy62/Fusion/install/fusion_system_display:/home/fy62/Fusion/install/fusion_system_perception:/home/fy62/Fusion/install/fusion_system_drivers:/home/fy62/Fusion/install/fusion_system_bringup:/home/fy62/Fusion/src/install/fusion_system_drivers:/home/fy62/Fusion/src/install/fusion_system_bringup:/home/fy62/Fusion/src/install/fusion_system_display:/opt/ros/humble CMAKE_PREFIX_PATH=${CMAKE_PREFIX_PATH}:/home/fy62/Fusion/install/fusion_system_perception:/home/fy62/Fusion/install/fusion_system_display:/home/fy62/Fusion/src/install/fusion_system_display:/opt/ros/humble PYTHONPATH=/home/fy62/Fusion/install/fusion_system_display/lib/python3.10/site-packages:/home/fy62/Fusion/install/fusion_system_perception/lib/python3.10/site-packages:/home/fy62/Fusion/src/install/fusion_system_display/lib/python3.10/site-packages:/opt/ros/humble/lib/python3.10/site-packages:/opt/ros/humble/local/lib/python3.10/dist-packages /usr/bin/cmake --install /home/fy62/Fusion/build/fusion_system_bringup
[4.372s] Level 1:colcon.colcon_core.environment:create_environment_scripts_only(fusion_system_bringup)
[4.372s] DEBUG:colcon.colcon_core.event_handler.log_command:Invoked command in '/home/fy62/Fusion/build/fusion_system_bringup' returned '0': AMENT_PREFIX_PATH=/home/fy62/Fusion/install/fusion_system_display:/home/fy62/Fusion/install/fusion_system_perception:/home/fy62/Fusion/install/fusion_system_drivers:/home/fy62/Fusion/install/fusion_system_bringup:/home/fy62/Fusion/src/install/fusion_system_drivers:/home/fy62/Fusion/src/install/fusion_system_bringup:/home/fy62/Fusion/src/install/fusion_system_display:/opt/ros/humble CMAKE_PREFIX_PATH=${CMAKE_PREFIX_PATH}:/home/fy62/Fusion/install/fusion_system_perception:/home/fy62/Fusion/install/fusion_system_display:/home/fy62/Fusion/src/install/fusion_system_display:/opt/ros/humble PYTHONPATH=/home/fy62/Fusion/install/fusion_system_display/lib/python3.10/site-packages:/home/fy62/Fusion/install/fusion_system_perception/lib/python3.10/site-packages:/home/fy62/Fusion/src/install/fusion_system_display/lib/python3.10/site-packages:/opt/ros/humble/lib/python3.10/site-packages:/opt/ros/humble/local/lib/python3.10/dist-packages /usr/bin/cmake --install /home/fy62/Fusion/build/fusion_system_bringup
[4.391s] Level 1:colcon.colcon_core.environment:checking '/home/fy62/Fusion/install/fusion_system_bringup' for CMake module files
[4.392s] Level 1:colcon.colcon_core.environment:checking '/home/fy62/Fusion/install/fusion_system_bringup' for CMake config files
[4.392s] Level 1:colcon.colcon_core.shell:create_environment_hook('fusion_system_bringup', 'cmake_prefix_path')
[4.412s] INFO:colcon.colcon_core.shell:Creating environment hook '/home/fy62/Fusion/install/fusion_system_bringup/share/fusion_system_bringup/hook/cmake_prefix_path.ps1'
[4.413s] INFO:colcon.colcon_core.shell:Creating environment descriptor '/home/fy62/Fusion/install/fusion_system_bringup/share/fusion_system_bringup/hook/cmake_prefix_path.dsv'
[4.413s] INFO:colcon.colcon_core.shell:Creating environment hook '/home/fy62/Fusion/install/fusion_system_bringup/share/fusion_system_bringup/hook/cmake_prefix_path.sh'
[4.414s] Level 1:colcon.colcon_core.environment:checking '/home/fy62/Fusion/install/fusion_system_bringup/bin'
[4.414s] Level 1:colcon.colcon_core.environment:checking '/home/fy62/Fusion/install/fusion_system_bringup/lib/pkgconfig/fusion_system_bringup.pc'
[4.414s] Level 1:colcon.colcon_core.environment:checking '/home/fy62/Fusion/install/fusion_system_bringup/lib/python3.10/site-packages'
[4.414s] Level 1:colcon.colcon_core.environment:checking '/home/fy62/Fusion/install/fusion_system_bringup/bin'
[4.434s] INFO:colcon.colcon_core.shell:Creating package script '/home/fy62/Fusion/install/fusion_system_bringup/share/fusion_system_bringup/package.ps1'
[4.434s] INFO:colcon.colcon_core.shell:Creating package descriptor '/home/fy62/Fusion/install/fusion_system_bringup/share/fusion_system_bringup/package.dsv'
[4.435s] INFO:colcon.colcon_core.shell:Creating package script '/home/fy62/Fusion/install/fusion_system_bringup/share/fusion_system_bringup/package.sh'
[4.435s] INFO:colcon.colcon_core.shell:Creating package script '/home/fy62/Fusion/install/fusion_system_bringup/share/fusion_system_bringup/package.bash'
[4.436s] INFO:colcon.colcon_core.shell:Creating package script '/home/fy62/Fusion/install/fusion_system_bringup/share/fusion_system_bringup/package.zsh'
[4.436s] Level 1:colcon.colcon_core.environment:create_file_with_runtime_dependencies(/home/fy62/Fusion/install/fusion_system_bringup/share/colcon-core/packages/fusion_system_bringup)
[4.488s] Level 1:colcon.colcon_core.environment:create_environment_scripts_only(fusion_system_bringup)
[4.509s] Level 1:colcon.colcon_core.environment:checking '/home/fy62/Fusion/install/fusion_system_bringup' for CMake module files
[4.509s] Level 1:colcon.colcon_core.environment:checking '/home/fy62/Fusion/install/fusion_system_bringup' for CMake config files
[4.510s] Level 1:colcon.colcon_core.shell:create_environment_hook('fusion_system_bringup', 'cmake_prefix_path')
[4.528s] INFO:colcon.colcon_core.shell:Creating environment hook '/home/fy62/Fusion/install/fusion_system_bringup/share/fusion_system_bringup/hook/cmake_prefix_path.ps1'
[4.530s] INFO:colcon.colcon_core.shell:Creating environment descriptor '/home/fy62/Fusion/install/fusion_system_bringup/share/fusion_system_bringup/hook/cmake_prefix_path.dsv'
[4.531s] INFO:colcon.colcon_core.shell:Creating environment hook '/home/fy62/Fusion/install/fusion_system_bringup/share/fusion_system_bringup/hook/cmake_prefix_path.sh'
[4.533s] Level 1:colcon.colcon_core.environment:checking '/home/fy62/Fusion/install/fusion_system_bringup/bin'
[4.533s] Level 1:colcon.colcon_core.environment:checking '/home/fy62/Fusion/install/fusion_system_bringup/lib/pkgconfig/fusion_system_bringup.pc'
[4.534s] Level 1:colcon.colcon_core.environment:checking '/home/fy62/Fusion/install/fusion_system_bringup/lib/python3.10/site-packages'
[4.534s] Level 1:colcon.colcon_core.environment:checking '/home/fy62/Fusion/install/fusion_system_bringup/bin'
[4.553s] INFO:colcon.colcon_core.shell:Creating package script '/home/fy62/Fusion/install/fusion_system_bringup/share/fusion_system_bringup/package.ps1'
[4.555s] INFO:colcon.colcon_core.shell:Creating package descriptor '/home/fy62/Fusion/install/fusion_system_bringup/share/fusion_system_bringup/package.dsv'
[4.555s] INFO:colcon.colcon_core.shell:Creating package script '/home/fy62/Fusion/install/fusion_system_bringup/share/fusion_system_bringup/package.sh'
[4.558s] INFO:colcon.colcon_core.shell:Creating package script '/home/fy62/Fusion/install/fusion_system_bringup/share/fusion_system_bringup/package.bash'
[4.560s] INFO:colcon.colcon_core.shell:Creating package script '/home/fy62/Fusion/install/fusion_system_bringup/share/fusion_system_bringup/package.zsh'
[4.562s] Level 1:colcon.colcon_core.environment:create_file_with_runtime_dependencies(/home/fy62/Fusion/install/fusion_system_bringup/share/colcon-core/packages/fusion_system_bringup)
[4.564s] DEBUG:colcon.colcon_parallel_executor.executor.parallel:closing loop
[4.564s] DEBUG:colcon.colcon_parallel_executor.executor.parallel:loop closed
[4.565s] DEBUG:colcon.colcon_parallel_executor.executor.parallel:run_until_complete finished with '0'
[4.565s] DEBUG:colcon.colcon_core.event_reactor:joining thread
[4.590s] INFO:colcon.colcon_core.plugin_system:Skipping extension 'colcon_notification.desktop_notification.notify_send': Could not find 'notify-send'
[4.590s] INFO:colcon.colcon_core.plugin_system:Skipping extension 'colcon_notification.desktop_notification.terminal_notifier': Not used on non-Darwin systems
[4.590s] INFO:colcon.colcon_core.plugin_system:Skipping extension 'colcon_notification.desktop_notification.win32': Not used on non-Windows systems
[4.590s] INFO:colcon.colcon_notification.desktop_notification:Sending desktop notification using 'notify2'
[4.709s] DEBUG:colcon.colcon_core.event_reactor:joined thread
[4.728s] INFO:colcon.colcon_core.shell:Creating prefix script '/home/fy62/Fusion/install/local_setup.ps1'
[4.729s] INFO:colcon.colcon_core.shell:Creating prefix util module '/home/fy62/Fusion/install/_local_setup_util_ps1.py'
[4.730s] INFO:colcon.colcon_core.shell:Creating prefix chain script '/home/fy62/Fusion/install/setup.ps1'
[4.750s] INFO:colcon.colcon_core.shell:Creating prefix script '/home/fy62/Fusion/install/local_setup.sh'
[4.750s] INFO:colcon.colcon_core.shell:Creating prefix util module '/home/fy62/Fusion/install/_local_setup_util_sh.py'
[4.751s] INFO:colcon.colcon_core.shell:Creating prefix chain script '/home/fy62/Fusion/install/setup.sh'
[4.771s] INFO:colcon.colcon_core.shell:Creating prefix script '/home/fy62/Fusion/install/local_setup.bash'
[4.771s] INFO:colcon.colcon_core.shell:Creating prefix chain script '/home/fy62/Fusion/install/setup.bash'
[4.790s] INFO:colcon.colcon_core.shell:Creating prefix script '/home/fy62/Fusion/install/local_setup.zsh'
[4.791s] INFO:colcon.colcon_core.shell:Creating prefix chain script '/home/fy62/Fusion/install/setup.zsh'
