[0.946s] Invoking command in '/home/fy62/Fusion/src/fusion-system/fusion_system_perception': PYTHONPATH=/home/fy62/Fusion/build/fusion_system_perception/prefix_override:/home/fy62/Fusion/install/fusion_system_perception/lib/python3.10/site-packages:${PYTHONPATH} /usr/bin/python3 setup.py egg_info --egg-base ../../../build/fusion_system_perception build --build-base /home/fy62/Fusion/build/fusion_system_perception/build install --record /home/fy62/Fusion/build/fusion_system_perception/install.log --single-version-externally-managed
[1.229s] running egg_info
[1.230s] writing ../../../build/fusion_system_perception/fusion_system_perception.egg-info/PKG-INFO
[1.230s] writing dependency_links to ../../../build/fusion_system_perception/fusion_system_perception.egg-info/dependency_links.txt
[1.230s] writing entry points to ../../../build/fusion_system_perception/fusion_system_perception.egg-info/entry_points.txt
[1.230s] writing requirements to ../../../build/fusion_system_perception/fusion_system_perception.egg-info/requires.txt
[1.230s] writing top-level names to ../../../build/fusion_system_perception/fusion_system_perception.egg-info/top_level.txt
[1.232s] reading manifest file '../../../build/fusion_system_perception/fusion_system_perception.egg-info/SOURCES.txt'
[1.233s] writing manifest file '../../../build/fusion_system_perception/fusion_system_perception.egg-info/SOURCES.txt'
[1.234s] running build
[1.234s] running build_py
[1.235s] running install
[1.235s] /usr/lib/python3/dist-packages/setuptools/command/install.py:34: SetuptoolsDeprecationWarning: setup.py install is deprecated. Use build and pip and other standards-based tools.
[1.235s]   warnings.warn(
[1.235s] running install_lib
[1.236s] running install_data
[1.237s] running install_egg_info
[1.239s] removing '/home/fy62/Fusion/install/fusion_system_perception/lib/python3.10/site-packages/fusion_system_perception-0.0.0-py3.10.egg-info' (and everything under it)
[1.239s] Copying ../../../build/fusion_system_perception/fusion_system_perception.egg-info to /home/fy62/Fusion/install/fusion_system_perception/lib/python3.10/site-packages/fusion_system_perception-0.0.0-py3.10.egg-info
[1.240s] running install_scripts
[1.266s] Installing do_nothing script to /home/fy62/Fusion/install/fusion_system_perception/lib/fusion_system_perception
[1.266s] writing list of installed files to '/home/fy62/Fusion/build/fusion_system_perception/install.log'
[1.302s] Invoked command in '/home/fy62/Fusion/src/fusion-system/fusion_system_perception' returned '0': PYTHONPATH=/home/fy62/Fusion/build/fusion_system_perception/prefix_override:/home/fy62/Fusion/install/fusion_system_perception/lib/python3.10/site-packages:${PYTHONPATH} /usr/bin/python3 setup.py egg_info --egg-base ../../../build/fusion_system_perception build --build-base /home/fy62/Fusion/build/fusion_system_perception/build install --record /home/fy62/Fusion/build/fusion_system_perception/install.log --single-version-externally-managed
