running egg_info
creating ../../../build/fusion_system_perception/fusion_system_perception.egg-info
writing ../../../build/fusion_system_perception/fusion_system_perception.egg-info/PKG-INFO
writing dependency_links to ../../../build/fusion_system_perception/fusion_system_perception.egg-info/dependency_links.txt
writing entry points to ../../../build/fusion_system_perception/fusion_system_perception.egg-info/entry_points.txt
writing requirements to ../../../build/fusion_system_perception/fusion_system_perception.egg-info/requires.txt
writing top-level names to ../../../build/fusion_system_perception/fusion_system_perception.egg-info/top_level.txt
writing manifest file '../../../build/fusion_system_perception/fusion_system_perception.egg-info/SOURCES.txt'
reading manifest file '../../../build/fusion_system_perception/fusion_system_perception.egg-info/SOURCES.txt'
writing manifest file '../../../build/fusion_system_perception/fusion_system_perception.egg-info/SOURCES.txt'
running build
running build_py
creating /home/fy62/Fusion/build/fusion_system_perception/build
creating /home/fy62/Fusion/build/fusion_system_perception/build/lib
creating /home/fy62/Fusion/build/fusion_system_perception/build/lib/fusion_system_perception
copying fusion_system_perception/__init__.py -> /home/fy62/Fusion/build/fusion_system_perception/build/lib/fusion_system_perception
copying fusion_system_perception/do_nothing.py -> /home/fy62/Fusion/build/fusion_system_perception/build/lib/fusion_system_perception
copying fusion_system_perception/perception.py -> /home/fy62/Fusion/build/fusion_system_perception/build/lib/fusion_system_perception
/usr/lib/python3/dist-packages/setuptools/command/install.py:34: SetuptoolsDeprecationWarning: setup.py install is deprecated. Use build and pip and other standards-based tools.
  warnings.warn(
running install
running install_lib
creating /home/fy62/Fusion/install/fusion_system_perception/lib/python3.10/site-packages/fusion_system_perception
copying /home/fy62/Fusion/build/fusion_system_perception/build/lib/fusion_system_perception/__init__.py -> /home/fy62/Fusion/install/fusion_system_perception/lib/python3.10/site-packages/fusion_system_perception
copying /home/fy62/Fusion/build/fusion_system_perception/build/lib/fusion_system_perception/do_nothing.py -> /home/fy62/Fusion/install/fusion_system_perception/lib/python3.10/site-packages/fusion_system_perception
copying /home/fy62/Fusion/build/fusion_system_perception/build/lib/fusion_system_perception/perception.py -> /home/fy62/Fusion/install/fusion_system_perception/lib/python3.10/site-packages/fusion_system_perception
byte-compiling /home/fy62/Fusion/install/fusion_system_perception/lib/python3.10/site-packages/fusion_system_perception/__init__.py to __init__.cpython-310.pyc
byte-compiling /home/fy62/Fusion/install/fusion_system_perception/lib/python3.10/site-packages/fusion_system_perception/do_nothing.py to do_nothing.cpython-310.pyc
byte-compiling /home/fy62/Fusion/install/fusion_system_perception/lib/python3.10/site-packages/fusion_system_perception/perception.py to perception.cpython-310.pyc
running install_data
creating /home/fy62/Fusion/install/fusion_system_perception/share/ament_index
creating /home/fy62/Fusion/install/fusion_system_perception/share/ament_index/resource_index
creating /home/fy62/Fusion/install/fusion_system_perception/share/ament_index/resource_index/packages
copying resource/fusion_system_perception -> /home/fy62/Fusion/install/fusion_system_perception/share/ament_index/resource_index/packages
copying package.xml -> /home/fy62/Fusion/install/fusion_system_perception/share/fusion_system_perception
running install_egg_info
Copying ../../../build/fusion_system_perception/fusion_system_perception.egg-info to /home/fy62/Fusion/install/fusion_system_perception/lib/python3.10/site-packages/fusion_system_perception-0.0.0-py3.10.egg-info
running install_scripts
writing list of installed files to '/home/fy62/Fusion/build/fusion_system_perception/install.log'
