[1.410s] Invoking command in '/home/fy62/Fusion/src/fusion-system/fusion_system_perception': PYTHONPATH=/home/fy62/Fusion/build/fusion_system_perception/prefix_override:/home/fy62/Fusion/install/fusion_system_perception/lib/python3.10/site-packages:${PYTHONPATH} /usr/bin/python3 setup.py egg_info --egg-base ../../../build/fusion_system_perception build --build-base /home/fy62/Fusion/build/fusion_system_perception/build install --record /home/fy62/Fusion/build/fusion_system_perception/install.log --single-version-externally-managed
[1.694s] running egg_info
[1.695s] creating ../../../build/fusion_system_perception/fusion_system_perception.egg-info
[1.697s] writing ../../../build/fusion_system_perception/fusion_system_perception.egg-info/PKG-INFO
[1.697s] writing dependency_links to ../../../build/fusion_system_perception/fusion_system_perception.egg-info/dependency_links.txt
[1.697s] writing entry points to ../../../build/fusion_system_perception/fusion_system_perception.egg-info/entry_points.txt
[1.697s] writing requirements to ../../../build/fusion_system_perception/fusion_system_perception.egg-info/requires.txt
[1.697s] writing top-level names to ../../../build/fusion_system_perception/fusion_system_perception.egg-info/top_level.txt
[1.697s] writing manifest file '../../../build/fusion_system_perception/fusion_system_perception.egg-info/SOURCES.txt'
[1.698s] reading manifest file '../../../build/fusion_system_perception/fusion_system_perception.egg-info/SOURCES.txt'
[1.699s] writing manifest file '../../../build/fusion_system_perception/fusion_system_perception.egg-info/SOURCES.txt'
[1.699s] running build
[1.699s] running build_py
[1.702s] creating /home/fy62/Fusion/build/fusion_system_perception/build
[1.702s] creating /home/fy62/Fusion/build/fusion_system_perception/build/lib
[1.702s] creating /home/fy62/Fusion/build/fusion_system_perception/build/lib/fusion_system_perception
[1.703s] copying fusion_system_perception/__init__.py -> /home/fy62/Fusion/build/fusion_system_perception/build/lib/fusion_system_perception
[1.703s] copying fusion_system_perception/do_nothing.py -> /home/fy62/Fusion/build/fusion_system_perception/build/lib/fusion_system_perception
[1.703s] copying fusion_system_perception/perception.py -> /home/fy62/Fusion/build/fusion_system_perception/build/lib/fusion_system_perception
[1.703s] /usr/lib/python3/dist-packages/setuptools/command/install.py:34: SetuptoolsDeprecationWarning: setup.py install is deprecated. Use build and pip and other standards-based tools.
[1.703s]   warnings.warn(
[1.703s] running install
[1.703s] running install_lib
[1.703s] creating /home/fy62/Fusion/install/fusion_system_perception/lib/python3.10/site-packages/fusion_system_perception
[1.704s] copying /home/fy62/Fusion/build/fusion_system_perception/build/lib/fusion_system_perception/__init__.py -> /home/fy62/Fusion/install/fusion_system_perception/lib/python3.10/site-packages/fusion_system_perception
[1.704s] copying /home/fy62/Fusion/build/fusion_system_perception/build/lib/fusion_system_perception/do_nothing.py -> /home/fy62/Fusion/install/fusion_system_perception/lib/python3.10/site-packages/fusion_system_perception
[1.704s] copying /home/fy62/Fusion/build/fusion_system_perception/build/lib/fusion_system_perception/perception.py -> /home/fy62/Fusion/install/fusion_system_perception/lib/python3.10/site-packages/fusion_system_perception
[1.704s] byte-compiling /home/fy62/Fusion/install/fusion_system_perception/lib/python3.10/site-packages/fusion_system_perception/__init__.py to __init__.cpython-310.pyc
[1.704s] byte-compiling /home/fy62/Fusion/install/fusion_system_perception/lib/python3.10/site-packages/fusion_system_perception/do_nothing.py to do_nothing.cpython-310.pyc
[1.704s] byte-compiling /home/fy62/Fusion/install/fusion_system_perception/lib/python3.10/site-packages/fusion_system_perception/perception.py to perception.cpython-310.pyc
[1.704s] running install_data
[1.704s] creating /home/fy62/Fusion/install/fusion_system_perception/share/ament_index
[1.704s] creating /home/fy62/Fusion/install/fusion_system_perception/share/ament_index/resource_index
[1.704s] creating /home/fy62/Fusion/install/fusion_system_perception/share/ament_index/resource_index/packages
[1.704s] copying resource/fusion_system_perception -> /home/fy62/Fusion/install/fusion_system_perception/share/ament_index/resource_index/packages
[1.704s] copying package.xml -> /home/fy62/Fusion/install/fusion_system_perception/share/fusion_system_perception
[1.704s] running install_egg_info
[1.706s] Copying ../../../build/fusion_system_perception/fusion_system_perception.egg-info to /home/fy62/Fusion/install/fusion_system_perception/lib/python3.10/site-packages/fusion_system_perception-0.0.0-py3.10.egg-info
[1.707s] running install_scripts
[1.732s] writing list of installed files to '/home/fy62/Fusion/build/fusion_system_perception/install.log'
[1.768s] Invoked command in '/home/fy62/Fusion/src/fusion-system/fusion_system_perception' returned '0': PYTHONPATH=/home/fy62/Fusion/build/fusion_system_perception/prefix_override:/home/fy62/Fusion/install/fusion_system_perception/lib/python3.10/site-packages:${PYTHONPATH} /usr/bin/python3 setup.py egg_info --egg-base ../../../build/fusion_system_perception build --build-base /home/fy62/Fusion/build/fusion_system_perception/build install --record /home/fy62/Fusion/build/fusion_system_perception/install.log --single-version-externally-managed
