[0.121s] Invoking command in '/home/fy62/Fusion/build/fusion_system_bringup': AMENT_PREFIX_PATH=/home/fy62/Fusion/install/fusion_system_display:/home/fy62/Fusion/install/fusion_system_perception:/home/fy62/Fusion/install/fusion_system_drivers:/home/fy62/Fusion/install/fusion_system_bringup:/home/fy62/Fusion/src/install/fusion_system_drivers:/home/fy62/Fusion/src/install/fusion_system_bringup:/home/fy62/Fusion/src/install/fusion_system_display:/opt/ros/humble CMAKE_PREFIX_PATH=${CMAKE_PREFIX_PATH}:/home/fy62/Fusion/install/fusion_system_perception:/home/fy62/Fusion/install/fusion_system_display:/home/fy62/Fusion/src/install/fusion_system_display:/opt/ros/humble PYTHONPATH=/home/fy62/Fusion/install/fusion_system_display/lib/python3.10/site-packages:/home/fy62/Fusion/install/fusion_system_perception/lib/python3.10/site-packages:/home/fy62/Fusion/src/install/fusion_system_display/lib/python3.10/site-packages:/opt/ros/humble/lib/python3.10/site-packages:/opt/ros/humble/local/lib/python3.10/dist-packages /usr/bin/cmake /home/fy62/Fusion/src/fusion-system/fusion_system_bringup -DCMAKE_INSTALL_PREFIX=/home/fy62/Fusion/install/fusion_system_bringup
[0.208s] -- The C compiler identification is GNU 11.4.0
[0.299s] -- The CXX compiler identification is GNU 11.4.0
[0.310s] -- Detecting C compiler ABI info
[0.410s] -- Detecting C compiler ABI info - done
[0.419s] -- Check for working C compiler: /usr/bin/cc - skipped
[0.419s] -- Detecting C compile features
[0.420s] -- Detecting C compile features - done
[0.425s] -- Detecting CXX compiler ABI info
[0.544s] -- Detecting CXX compiler ABI info - done
[0.556s] -- Check for working CXX compiler: /usr/bin/c++ - skipped
[0.556s] -- Detecting CXX compile features
[0.557s] -- Detecting CXX compile features - done
[0.561s] -- Found ament_cmake: 1.3.5 (/opt/ros/humble/share/ament_cmake/cmake)
[0.775s] -- Found Python3: /usr/bin/python3.10 (found version "3.10.12") found components: Interpreter 
[0.873s] -- Found ament_lint_auto: 0.12.8 (/opt/ros/humble/share/ament_lint_auto/cmake)
[0.977s] -- Added test 'lint_cmake' to check CMake code style
[0.978s] -- Added test 'xmllint' to check XML markup files
[0.982s] -- Configuring done
[0.987s] -- Generating done
[0.989s] -- Build files have been written to: /home/fy62/Fusion/build/fusion_system_bringup
[0.997s] Invoked command in '/home/fy62/Fusion/build/fusion_system_bringup' returned '0': AMENT_PREFIX_PATH=/home/fy62/Fusion/install/fusion_system_display:/home/fy62/Fusion/install/fusion_system_perception:/home/fy62/Fusion/install/fusion_system_drivers:/home/fy62/Fusion/install/fusion_system_bringup:/home/fy62/Fusion/src/install/fusion_system_drivers:/home/fy62/Fusion/src/install/fusion_system_bringup:/home/fy62/Fusion/src/install/fusion_system_display:/opt/ros/humble CMAKE_PREFIX_PATH=${CMAKE_PREFIX_PATH}:/home/fy62/Fusion/install/fusion_system_perception:/home/fy62/Fusion/install/fusion_system_display:/home/fy62/Fusion/src/install/fusion_system_display:/opt/ros/humble PYTHONPATH=/home/fy62/Fusion/install/fusion_system_display/lib/python3.10/site-packages:/home/fy62/Fusion/install/fusion_system_perception/lib/python3.10/site-packages:/home/fy62/Fusion/src/install/fusion_system_display/lib/python3.10/site-packages:/opt/ros/humble/lib/python3.10/site-packages:/opt/ros/humble/local/lib/python3.10/dist-packages /usr/bin/cmake /home/fy62/Fusion/src/fusion-system/fusion_system_bringup -DCMAKE_INSTALL_PREFIX=/home/fy62/Fusion/install/fusion_system_bringup
[0.999s] Invoking command in '/home/fy62/Fusion/build/fusion_system_bringup': AMENT_PREFIX_PATH=/home/fy62/Fusion/install/fusion_system_display:/home/fy62/Fusion/install/fusion_system_perception:/home/fy62/Fusion/install/fusion_system_drivers:/home/fy62/Fusion/install/fusion_system_bringup:/home/fy62/Fusion/src/install/fusion_system_drivers:/home/fy62/Fusion/src/install/fusion_system_bringup:/home/fy62/Fusion/src/install/fusion_system_display:/opt/ros/humble CMAKE_PREFIX_PATH=${CMAKE_PREFIX_PATH}:/home/fy62/Fusion/install/fusion_system_perception:/home/fy62/Fusion/install/fusion_system_display:/home/fy62/Fusion/src/install/fusion_system_display:/opt/ros/humble PYTHONPATH=/home/fy62/Fusion/install/fusion_system_display/lib/python3.10/site-packages:/home/fy62/Fusion/install/fusion_system_perception/lib/python3.10/site-packages:/home/fy62/Fusion/src/install/fusion_system_display/lib/python3.10/site-packages:/opt/ros/humble/lib/python3.10/site-packages:/opt/ros/humble/local/lib/python3.10/dist-packages /usr/bin/cmake --build /home/fy62/Fusion/build/fusion_system_bringup -- -j8 -l8
[1.054s] Invoked command in '/home/fy62/Fusion/build/fusion_system_bringup' returned '0': AMENT_PREFIX_PATH=/home/fy62/Fusion/install/fusion_system_display:/home/fy62/Fusion/install/fusion_system_perception:/home/fy62/Fusion/install/fusion_system_drivers:/home/fy62/Fusion/install/fusion_system_bringup:/home/fy62/Fusion/src/install/fusion_system_drivers:/home/fy62/Fusion/src/install/fusion_system_bringup:/home/fy62/Fusion/src/install/fusion_system_display:/opt/ros/humble CMAKE_PREFIX_PATH=${CMAKE_PREFIX_PATH}:/home/fy62/Fusion/install/fusion_system_perception:/home/fy62/Fusion/install/fusion_system_display:/home/fy62/Fusion/src/install/fusion_system_display:/opt/ros/humble PYTHONPATH=/home/fy62/Fusion/install/fusion_system_display/lib/python3.10/site-packages:/home/fy62/Fusion/install/fusion_system_perception/lib/python3.10/site-packages:/home/fy62/Fusion/src/install/fusion_system_display/lib/python3.10/site-packages:/opt/ros/humble/lib/python3.10/site-packages:/opt/ros/humble/local/lib/python3.10/dist-packages /usr/bin/cmake --build /home/fy62/Fusion/build/fusion_system_bringup -- -j8 -l8
[1.112s] Invoking command in '/home/fy62/Fusion/build/fusion_system_bringup': AMENT_PREFIX_PATH=/home/fy62/Fusion/install/fusion_system_display:/home/fy62/Fusion/install/fusion_system_perception:/home/fy62/Fusion/install/fusion_system_drivers:/home/fy62/Fusion/install/fusion_system_bringup:/home/fy62/Fusion/src/install/fusion_system_drivers:/home/fy62/Fusion/src/install/fusion_system_bringup:/home/fy62/Fusion/src/install/fusion_system_display:/opt/ros/humble CMAKE_PREFIX_PATH=${CMAKE_PREFIX_PATH}:/home/fy62/Fusion/install/fusion_system_perception:/home/fy62/Fusion/install/fusion_system_display:/home/fy62/Fusion/src/install/fusion_system_display:/opt/ros/humble PYTHONPATH=/home/fy62/Fusion/install/fusion_system_display/lib/python3.10/site-packages:/home/fy62/Fusion/install/fusion_system_perception/lib/python3.10/site-packages:/home/fy62/Fusion/src/install/fusion_system_display/lib/python3.10/site-packages:/opt/ros/humble/lib/python3.10/site-packages:/opt/ros/humble/local/lib/python3.10/dist-packages /usr/bin/cmake --install /home/fy62/Fusion/build/fusion_system_bringup
[1.121s] -- Install configuration: ""
[1.121s] -- Installing: /home/fy62/Fusion/install/fusion_system_bringup/share/fusion_system_bringup//launch
[1.121s] -- Installing: /home/fy62/Fusion/install/fusion_system_bringup/share/fusion_system_bringup//launch/test_launch.xml
[1.122s] -- Installing: /home/fy62/Fusion/install/fusion_system_bringup/share/ament_index/resource_index/package_run_dependencies/fusion_system_bringup
[1.124s] -- Installing: /home/fy62/Fusion/install/fusion_system_bringup/share/ament_index/resource_index/parent_prefix_path/fusion_system_bringup
[1.126s] -- Installing: /home/fy62/Fusion/install/fusion_system_bringup/share/fusion_system_bringup/environment/ament_prefix_path.sh
[1.126s] -- Installing: /home/fy62/Fusion/install/fusion_system_bringup/share/fusion_system_bringup/environment/ament_prefix_path.dsv
[1.128s] -- Installing: /home/fy62/Fusion/install/fusion_system_bringup/share/fusion_system_bringup/environment/path.sh
[1.128s] -- Installing: /home/fy62/Fusion/install/fusion_system_bringup/share/fusion_system_bringup/environment/path.dsv
[1.129s] -- Installing: /home/fy62/Fusion/install/fusion_system_bringup/share/fusion_system_bringup/local_setup.bash
[1.130s] -- Installing: /home/fy62/Fusion/install/fusion_system_bringup/share/fusion_system_bringup/local_setup.sh
[1.130s] -- Installing: /home/fy62/Fusion/install/fusion_system_bringup/share/fusion_system_bringup/local_setup.zsh
[1.130s] -- Installing: /home/fy62/Fusion/install/fusion_system_bringup/share/fusion_system_bringup/local_setup.dsv
[1.132s] -- Installing: /home/fy62/Fusion/install/fusion_system_bringup/share/fusion_system_bringup/package.dsv
[1.134s] -- Installing: /home/fy62/Fusion/install/fusion_system_bringup/share/ament_index/resource_index/packages/fusion_system_bringup
[1.134s] -- Installing: /home/fy62/Fusion/install/fusion_system_bringup/share/fusion_system_bringup/cmake/fusion_system_bringupConfig.cmake
[1.134s] -- Installing: /home/fy62/Fusion/install/fusion_system_bringup/share/fusion_system_bringup/cmake/fusion_system_bringupConfig-version.cmake
[1.134s] -- Installing: /home/fy62/Fusion/install/fusion_system_bringup/share/fusion_system_bringup/package.xml
[1.139s] Invoked command in '/home/fy62/Fusion/build/fusion_system_bringup' returned '0': AMENT_PREFIX_PATH=/home/fy62/Fusion/install/fusion_system_display:/home/fy62/Fusion/install/fusion_system_perception:/home/fy62/Fusion/install/fusion_system_drivers:/home/fy62/Fusion/install/fusion_system_bringup:/home/fy62/Fusion/src/install/fusion_system_drivers:/home/fy62/Fusion/src/install/fusion_system_bringup:/home/fy62/Fusion/src/install/fusion_system_display:/opt/ros/humble CMAKE_PREFIX_PATH=${CMAKE_PREFIX_PATH}:/home/fy62/Fusion/install/fusion_system_perception:/home/fy62/Fusion/install/fusion_system_display:/home/fy62/Fusion/src/install/fusion_system_display:/opt/ros/humble PYTHONPATH=/home/fy62/Fusion/install/fusion_system_display/lib/python3.10/site-packages:/home/fy62/Fusion/install/fusion_system_perception/lib/python3.10/site-packages:/home/fy62/Fusion/src/install/fusion_system_display/lib/python3.10/site-packages:/opt/ros/humble/lib/python3.10/site-packages:/opt/ros/humble/local/lib/python3.10/dist-packages /usr/bin/cmake --install /home/fy62/Fusion/build/fusion_system_bringup
